node054
node054
node054
node054
node054
node054
node054
node054
node054
node054
node054
node054
node054
node054
node054
node054
node054
node054
node054
node054
node054
node054
node054
node054
 number of MPI tasks:          24
           **************************************************
           **************************************************
           *                                                *
           *      *****          **       ***          **   *
           *    ***   ***       ****      ****       ****   *
           *   ***     ***     *** ***    *****     *****   *
           *    ***           ***   ***   *** **   ** ***   *
           *       ***       ***     ***  ***  ** **  ***   *
           *          ***    ***     ***  ***   ***   ***   *
           *   ***     ***   ***********  ***         ***   *
           *    ***   ***    ***     ***  ***         ***   *
           *      *****      ***     ***  ***         ***   *
           *                                                *
           **************************************************
           **************************************************
           ***       System for Atmospheric Modeling      ***
           ***                    SAM                     ***
                     Version 6.11.1  (Mar 2017)  
           **************************************************
           ***     (C) Marat Khairoutdinov                ***
           *** School of Marine and Atmospheric Sciences  ***
           ***       Stony Brook University               ***
           **************************************************
           ***       The model can be used only with      ***
           ***         permission from the author!        ***
           ***       No transfer to any third party       ***
           ***                is allowed!                 ***
           **************************************************
           **************************************************
           ***       DATE 11/07/17 TIME 12:01:16          ***
           **************************************************
 
 ****************************************************
 ****** No MICRO_M2005 namelist in prm file *********
 ****************************************************
 
 surface pressure:    991.3000    
 Initial Sounding:
  k      z    rho     rhoi    s      h     h*      qt      u      v     adz
  64  3768.5  0.793  0.796 314.90 333.26 336.41   7.34   1.06  -1.17  1.654    
  63  3685.8  0.800  0.803 314.59 333.28 336.65   7.47   1.26  -1.49  1.643    
  62  3604.2  0.806  0.810 314.25 333.36 336.80   7.64   1.69  -1.67  1.622    
  61  3523.6  0.813  0.816 313.91 333.45 336.95   7.81   2.11  -1.86  1.601    
  60  3444.1  0.819  0.823 313.58 333.53 337.10   7.98   2.52  -2.04  1.580    
  59  3365.6  0.826  0.829 313.24 333.61 337.26   8.14   2.93  -2.22  1.560    
  58  3288.1  0.832  0.836 312.92 333.69 337.43   8.31   3.34  -2.39  1.539    
  57  3211.7  0.839  0.842 312.59 333.76 337.59   8.47   3.74  -2.57  1.519    
  56  3136.2  0.845  0.848 312.26 333.75 337.74   8.59   3.98  -2.84  1.500    
  55  3061.7  0.852  0.855 311.93 333.62 337.87   8.67   3.99  -3.24  1.480    
  54  2988.2  0.858  0.861 311.60 333.48 338.00   8.75   4.01  -3.65  1.461    
  53  2915.6  0.864  0.867 311.27 333.35 338.13   8.83   4.03  -4.04  1.442    
  52  2843.9  0.871  0.874 310.95 333.21 338.26   8.91   4.04  -4.43  1.423    
  51  2773.2  0.877  0.880 310.63 333.08 338.40   8.98   4.06  -4.82  1.405    
  50  2703.5  0.883  0.886 310.31 332.95 338.54   9.05   4.07  -5.20  1.387    
  49  2634.6  0.889  0.892 309.99 332.82 338.67   9.13   4.09  -5.57  1.369    
  48  2566.6  0.895  0.898 309.70 333.06 338.86   9.35   4.07  -5.63  1.351    
  47  2499.5  0.901  0.904 309.40 333.33 339.04   9.57   4.04  -5.66  1.333    
  46  2433.3  0.907  0.910 309.11 333.60 339.23   9.79   4.01  -5.69  1.316    
  45  2367.9  0.913  0.916 308.83 333.86 339.42  10.01   3.99  -5.72  1.299    
  44  2303.4  0.918  0.921 308.54 334.12 339.61  10.23   3.96  -5.75  1.282    
  43  2239.7  0.924  0.927 308.26 334.37 339.80  10.44   3.94  -5.78  1.265    
  42  2176.9  0.930  0.933 307.98 334.62 339.99  10.65   3.92  -5.81  1.249    
  41  2114.8  0.936  0.938 307.71 334.86 340.18  10.86   3.89  -5.84  1.233    
  40  2053.6  0.941  0.944 307.43 335.09 340.36  11.06   3.86  -5.82  1.217    
  39  1993.2  0.947  0.950 307.15 335.30 340.52  11.26   3.82  -5.76  1.201    
  38  1933.5  0.952  0.955 306.88 335.51 340.69  11.45   3.79  -5.70  1.185    
  37  1874.6  0.958  0.961 306.61 335.71 340.85  11.64   3.75  -5.64  1.170    
  36  1816.5  0.963  0.966 306.34 335.91 341.02  11.83   3.71  -5.58  1.155    
  35  1759.2  0.969  0.971 306.07 336.10 341.19  12.01   3.68  -5.52  1.140    
  34  1702.5  0.974  0.977 305.81 336.30 341.35  12.19   3.64  -5.46  1.125    
  33  1646.7  0.979  0.982 305.55 336.49 341.52  12.37   3.61  -5.41  1.110    
  32  1591.5  0.985  0.987 305.29 336.67 341.69  12.55   3.57  -5.35  1.096    
  31  1537.1  0.990  0.993 305.04 336.86 341.85  12.73   3.54  -5.29  1.082    
  30  1483.4  0.995  0.998 304.80 337.06 342.06  12.90   3.52  -5.24  1.068    
  29  1430.3  1.000  1.003 304.57 337.27 342.29  13.08   3.51  -5.19  1.054    
  28  1378.0  1.005  1.008 304.34 337.48 342.52  13.26   3.51  -5.15  1.040    
  27  1326.3  1.010  1.013 304.11 337.69 342.75  13.43   3.50  -5.10  1.027    
  26  1275.3  1.015  1.018 303.89 337.89 342.97  13.60   3.49  -5.05  1.013    
  25  1225.0  1.020  1.023 303.67 338.09 343.20  13.77   3.48  -5.01  1.003    
  24  1175.0  1.025  1.028 303.45 338.28 343.43  13.93   3.47  -4.96  1.000    
  23  1125.0  1.030  1.032 303.23 338.48 343.66  14.10   3.47  -4.91  1.000    
  22  1075.0  1.035  1.037 303.00 338.68 343.89  14.27   3.46  -4.87  1.000    
  21  1025.0  1.040  1.042 302.78 338.87 344.13  14.43   3.45  -4.82  1.000    
  20   975.0  1.045  1.047 302.56 339.07 344.37  14.60   3.44  -4.77  1.000    
  19   925.0  1.050  1.052 302.33 339.27 344.58  14.77   3.25  -4.69  1.000    
  18   875.0  1.055  1.057 302.10 339.48 344.79  14.95   3.03  -4.61  1.000    
  17   825.0  1.060  1.062 301.87 339.69 345.01  15.12   2.82  -4.53  1.000    
  16   775.0  1.065  1.068 301.64 339.90 345.22  15.30   2.60  -4.44  1.000    
  15   725.0  1.070  1.073 301.41 340.10 345.44  15.48   2.38  -4.36  1.000    
  14   675.0  1.075  1.078 301.17 340.31 345.66  15.65   2.17  -4.27  1.000    
  13   625.0  1.080  1.083 300.94 340.51 345.88  15.83   1.95  -4.19  1.000    
  12   575.0  1.086  1.088 300.71 340.72 346.11  16.00   1.74  -4.10  1.000    
  11   525.0  1.091  1.093 300.47 340.92 346.33  16.18   1.52  -4.02  1.000    
  10   475.0  1.096  1.098 300.24 341.13 346.56  16.35   1.31  -3.93  1.000    
   9   425.0  1.101  1.104 300.03 341.22 346.88  16.47   1.11  -3.82  1.000    
   8   375.0  1.106  1.109 299.86 341.10 347.38  16.49   0.95  -3.65  1.000    
   7   325.0  1.111  1.114 299.64 341.07 347.69  16.57   0.79  -3.43  1.000    
   6   275.0  1.117  1.120 299.21 341.40 347.16  16.87   0.67  -2.96  1.000    
   5   225.0  1.123  1.126 298.79 341.74 346.63  17.18   0.55  -2.50  1.000    
   4   175.0  1.129  1.132 298.36 342.07 346.10  17.48   0.42  -2.03  1.000    
   3   125.0  1.135  1.138 297.93 342.40 345.56  17.79   0.30  -1.56  1.000    
   2    75.0  1.141  1.144 297.50 342.73 345.02  18.09   0.18  -1.10  1.000    
   1    25.0  1.147  1.151 297.07 343.06 344.48  18.39   0.06  -0.63  1.000    
  k      z    rho     rhoi    s      h     h*      qt      u      v     adz     
 N
 
   k      z      dz     pres   presi   Tabs     tp     tpl      qt      Qc     Qi    REL
  64  3768.54   82.71  635.89  639.12  278.08  316.50  316.50  7.3450  0.0000  0.0000   85.38
  63  3685.83   82.17  642.36  645.57  278.58  316.15  316.15  7.4728  0.0000  0.0000   84.72
  62  3604.19   81.10  648.79  651.98  279.03  315.77  315.77  7.6442  0.0000  0.0000   84.78
  61  3523.62   80.05  655.19  658.37  279.48  315.39  315.39  7.8133  0.0000  0.0000   84.81
  60  3444.09   79.01  661.56  664.72  279.92  315.02  315.02  7.9802  0.0000  0.0000   84.81
  59  3365.60   77.98  667.89  671.04  280.36  314.65  314.65  8.1449  0.0000  0.0000   84.79
  58  3288.12   76.97  674.19  677.32  280.79  314.28  314.28  8.3075  0.0000  0.0000   84.75
  57  3211.65   75.97  680.46  683.57  281.21  313.93  313.93  8.4680  0.0000  0.0000   84.69
  56  3136.18   74.99  686.70  689.79  281.62  313.56  313.56  8.5945  0.0000  0.0000   84.34
  55  3061.68   74.01  692.90  695.97  282.01  313.20  313.20  8.6737  0.0000  0.0000   83.61
  54  2988.15   73.05  699.06  702.12  282.40  312.83  312.83  8.7519  0.0000  0.0000   82.89
  53  2915.58   72.10  705.19  708.24  282.78  312.47  312.47  8.8291  0.0000  0.0000   82.19
  52  2843.95   71.17  711.29  714.31  283.16  312.12  312.12  8.9053  0.0000  0.0000   81.51
  51  2773.25   70.24  717.35  720.35  283.53  311.77  311.77  8.9805  0.0000  0.0000   80.85
  50  2703.47   69.33  723.37  726.36  283.89  311.43  311.43  9.0548  0.0000  0.0000   80.21
  49  2634.59   68.43  729.36  732.33  284.25  311.09  311.09  9.1280  0.0000  0.0000   79.58
  48  2566.61   67.54  735.31  738.26  284.62  310.77  310.77  9.3454  0.0000  0.0000   80.14
  47  2499.51   66.66  741.22  744.15  284.98  310.45  310.45  9.5704  0.0000  0.0000   80.74
  46  2433.28   65.80  747.09  750.00  285.34  310.14  310.14  9.7924  0.0000  0.0000   81.31
  45  2367.91   64.94  752.92  755.82  285.69  309.83  309.83 10.0115  0.0000  0.0000   81.84
  44  2303.40   64.10  758.72  761.59  286.04  309.53  309.53 10.2278  0.0000  0.0000   82.33
  43  2239.72   63.27  764.47  767.33  286.38  309.23  309.23 10.4413  0.0000  0.0000   82.79
  42  2176.86   62.45  770.19  773.03  286.71  308.93  308.93 10.6520  0.0000  0.0000   83.22
  41  2114.83   61.63  775.87  778.68  287.05  308.64  308.64 10.8600  0.0000  0.0000   83.63
  40  2053.59   60.83  781.50  784.30  287.37  308.35  308.35 11.0611  0.0000  0.0000   84.00
  39  1993.16   60.04  787.10  789.88  287.68  308.06  308.06 11.2560  0.0000  0.0000   84.34
  38  1933.51   59.26  792.66  795.41  287.99  307.77  307.77 11.4483  0.0000  0.0000   84.67
  37  1874.63   58.49  798.17  800.91  288.29  307.48  307.48 11.6382  0.0000  0.0000   84.97
  36  1816.52   57.73  803.65  806.37  288.59  307.20  307.20 11.8256  0.0000  0.0000   85.26
  35  1759.16   56.98  809.09  811.78  288.88  306.92  306.92 12.0106  0.0000  0.0000   85.52
  34  1702.55   56.24  814.48  817.16  289.17  306.64  306.64 12.1931  0.0000  0.0000   85.77
  33  1646.67   55.51  819.84  822.49  289.46  306.37  306.37 12.3733  0.0000  0.0000   86.01
  32  1591.52   54.79  825.15  827.78  289.74  306.10  306.10 12.5512  0.0000  0.0000   86.23
  31  1537.08   54.08  830.42  833.04  290.02  305.84  305.84 12.7267  0.0000  0.0000   86.44
  30  1483.35   53.38  835.65  838.25  290.30  305.59  305.59 12.9043  0.0000  0.0000   86.58
  29  1430.32   52.69  840.85  843.42  290.59  305.35  305.35 13.0812  0.0000  0.0000   86.70
  28  1377.98   52.00  845.99  848.55  290.87  305.12  305.12 13.2557  0.0000  0.0000   86.81
  27  1326.32   51.33  851.10  853.63  291.15  304.88  304.88 13.4280  0.0000  0.0000   86.90
  26  1275.33   50.66  856.17  858.68  291.43  304.65  304.65 13.5981  0.0000  0.0000   86.99
  25  1225.00   50.16  861.19  863.70  291.70  304.43  304.43 13.7659  0.0000  0.0000   87.06
  24  1175.00   50.00  866.21  868.73  291.97  304.20  304.20 13.9326  0.0000  0.0000   87.13
  23  1125.00   50.00  871.25  873.78  292.23  303.98  303.98 14.0994  0.0000  0.0000   87.19
  22  1075.00   50.00  876.31  878.85  292.50  303.75  303.75 14.2661  0.0000  0.0000   87.24
  21  1025.00   50.00  881.40  883.95  292.77  303.53  303.53 14.4329  0.0000  0.0000   87.29
  20   975.00   50.00  886.51  889.08  293.04  303.30  303.30 14.5996  0.0000  0.0000   87.32
  19   925.00   50.00  891.65  894.23  293.29  303.07  303.07 14.7741  0.0000  0.0000   87.44
  18   875.00   50.00  896.81  899.40  293.55  302.83  302.83 14.9495  0.0000  0.0000   87.56
  17   825.00   50.00  902.00  904.60  293.81  302.60  302.60 15.1249  0.0000  0.0000   87.67
  16   775.00   50.00  907.21  909.82  294.07  302.37  302.37 15.3003  0.0000  0.0000   87.78
  15   725.00   50.00  912.44  915.07  294.32  302.13  302.13 15.4757  0.0000  0.0000   87.88
  14   675.00   50.00  917.71  920.35  294.58  301.90  301.90 15.6511  0.0000  0.0000   87.97
  13   625.00   50.00  922.99  925.65  294.83  301.67  301.67 15.8265  0.0000  0.0000   88.05
  12   575.00   50.00  928.30  930.97  295.09  301.43  301.43 16.0019  0.0000  0.0000   88.13
  11   525.00   50.00  933.64  936.32  295.34  301.20  301.20 16.1773  0.0000  0.0000   88.20
  10   475.00   50.00  939.00  941.70  295.60  300.96  300.96 16.3526  0.0000  0.0000   88.27
   9   425.00   50.00  944.39  947.10  295.88  300.75  300.75 16.4729  0.0000  0.0000   87.91
   8   375.00   50.00  949.81  952.52  296.19  300.59  300.59 16.4950  0.0000  0.0000   86.80
   7   325.00   50.00  955.25  957.97  296.47  300.37  300.37 16.5679  0.0000  0.0000   86.22
   6   275.00   50.00  960.71  963.46  296.53  299.94  299.94 16.8724  0.0000  0.0000   87.99
   5   225.00   50.00  966.21  968.97  296.59  299.52  299.52 17.1768  0.0000  0.0000   89.77
   4   175.00   50.00  971.73  974.50  296.65  299.09  299.09 17.4813  0.0000  0.0000   91.56
   3   125.00   50.00  977.29  980.07  296.71  298.66  298.66 17.7857  0.0000  0.0000   93.36
   2    75.00   50.00  982.87  985.67  296.76  298.23  298.23 18.0902  0.0000  0.0000   95.17
   1    25.00   50.00  988.48  991.30  296.82  297.81  297.81 18.3947  0.0000  0.0000   97.00
   k      z      dz     pres   presi   Tabs     tp     tpl      qt      Qc     Qi    REL
 Smagorinsky SGS Closure
 Initializeing forcing data...
 sounding data: nsnd=           3   nzsnd=          47
 Observed sounding interval (days):  0.0000000E+00   2.000000    
 rad forcing data: nrfc=          38   nzrfc=          33
 Radiative Forcing interval (days):  0.0000000E+00  0.2569444    
 surface forcing data: nsfc=          73
 Surface Forcing interval (days):  0.0000000E+00  0.5000000    
 
 Case: LBA
 Caseid: 2048x2048x256
 New Run.
 Day:  0.0000000E+00
 Model type: CEM
 Finish at timestep:        8640
 Finish on day:  0.5000000    
 
 Statistics file ouput frequency:          180  steps
 Statistics file sampling: every           60  steps
 printouts frequency:         100  steps
 Adams-Bashforth scheme order:           3
 
 Global Grid:         384         576          64
 Local Grid:          96          96          64
 Grid spacing (m) dx, dy, dz:   100.0000       100.0000       50.00000    
 Domain dimensions (m):   38400.00       57600.00       3768.537    
 dowallx= F
 dowally= F
 
 Timestep (sec):   5.000000    
 domain translation velocities ug, vg:  0.0000000E+00  0.0000000E+00
 
 do column model F
 do convective parameterization F
 do spange damping at the domain top:  T
 maintain grad. of scalars at the top: T
 clouds are allowed: T
 precipitation is allowed: T
 smoke cloud F
 SGS scheme is on: T
 larger-scale subsidence is on: F
 larger-scale tendency is on: F
 coriolis force is allowed: F
 vertical coriolis force is allowed: F
 doradsimple =  F
 doradhomo = F
 dosolarconstant =  F
 solar_constant =    685.0000    
 zenith_angle =    51.70000    
 doradlon =  F
 doradlat =  F
 Latitude0:  0.0000000E+00
 Longitude0:  0.0000000E+00
 rundatadir = ./RUNDATA
 radiation forcing is prescribed
 factor to change present CO2 concentration: nxco2=   1.000000    
 surface flux parameterization is on: T
 Surface type: LAND
 soil_wetness=   1.000000    
 z0=  3.5000000E-02
  sensible heat flux prescribed: T
  latent heat flux prescribed: T
  surface stress prescribed: F
 dosfchomo =  F
 doisccp =  F
 domodis =  F
 domisr =  F
 dosimfilesout= F
 dodynamicocean = F
 SLM= F
 surface temperature prescribed: T
 dossthomo = F
 Error: simulation time (from start to stop)can be beyond the rad. forcing inter
 vals
 current day=  0.0000000E+00
 stop day=  0.4999421    
 rad forcing:start =  0.0000000E+00
 rad forcing:  end =  0.2569444    
srun: Job step aborted: Waiting up to 32 seconds for job step to finish.
slurmstepd: error: *** JOB 3401900 ON node054 CANCELLED AT 2017-11-08T12:00:20 DUE TO TIME LIMIT ***
slurmstepd: error: *** STEP 3401900.0 ON node054 CANCELLED AT 2017-11-08T12:00:20 DUE TO TIME LIMIT ***
