node056
node056
node056
node056
node056
node056
node056
node056
node056
node056
node056
node056
node056
node056
node056
node056
node056
node056
node056
node056
node056
node056
node056
node056
 number of MPI tasks:          24
           **************************************************
           **************************************************
           *                                                *
           *      *****          **       ***          **   *
           *    ***   ***       ****      ****       ****   *
           *   ***     ***     *** ***    *****     *****   *
           *    ***           ***   ***   *** **   ** ***   *
           *       ***       ***     ***  ***  ** **  ***   *
           *          ***    ***     ***  ***   ***   ***   *
           *   ***     ***   ***********  ***         ***   *
           *    ***   ***    ***     ***  ***         ***   *
           *      *****      ***     ***  ***         ***   *
           *                                                *
           **************************************************
           **************************************************
           ***       System for Atmospheric Modeling      ***
           ***                    SAM                     ***
                     Version 6.11.1  (Mar 2017)  
           **************************************************
           ***     (C) Marat Khairoutdinov                ***
           *** School of Marine and Atmospheric Sciences  ***
           ***       Stony Brook University               ***
           **************************************************
           ***       The model can be used only with      ***
           ***         permission from the author!        ***
           ***       No transfer to any third party       ***
           ***                is allowed!                 ***
           **************************************************
           **************************************************
           ***       DATE 10/30/17 TIME 13:10:39          ***
           **************************************************
 
 ****************************************************
 ****** No MICRO_M2005 namelist in prm file *********
 ****************************************************
 
 surface pressure:    991.3000    
 Initial Sounding:
  k      z    rho     rhoi    s      h     h*      qt      u      v     adz
  64  3768.5  0.793  0.796 314.90 333.26 336.41   7.34   1.06  -1.17  1.654    
  63  3685.8  0.800  0.803 314.59 333.28 336.65   7.47   1.26  -1.49  1.643    
  62  3604.2  0.806  0.810 314.25 333.36 336.80   7.64   1.69  -1.67  1.622    
  61  3523.6  0.813  0.816 313.91 333.45 336.95   7.81   2.11  -1.86  1.601    
  60  3444.1  0.819  0.823 313.58 333.53 337.10   7.98   2.52  -2.04  1.580    
  59  3365.6  0.826  0.829 313.24 333.61 337.26   8.14   2.93  -2.22  1.560    
  58  3288.1  0.832  0.836 312.92 333.69 337.43   8.31   3.34  -2.39  1.539    
  57  3211.7  0.839  0.842 312.59 333.76 337.59   8.47   3.74  -2.57  1.519    
  56  3136.2  0.845  0.848 312.26 333.75 337.74   8.59   3.98  -2.84  1.500    
  55  3061.7  0.852  0.855 311.93 333.62 337.87   8.67   3.99  -3.24  1.480    
  54  2988.2  0.858  0.861 311.60 333.48 338.00   8.75   4.01  -3.65  1.461    
  53  2915.6  0.864  0.867 311.27 333.35 338.13   8.83   4.03  -4.04  1.442    
  52  2843.9  0.871  0.874 310.95 333.21 338.26   8.91   4.04  -4.43  1.423    
  51  2773.2  0.877  0.880 310.63 333.08 338.40   8.98   4.06  -4.82  1.405    
  50  2703.5  0.883  0.886 310.31 332.95 338.54   9.05   4.07  -5.20  1.387    
  49  2634.6  0.889  0.892 309.99 332.82 338.67   9.13   4.09  -5.57  1.369    
  48  2566.6  0.895  0.898 309.70 333.06 338.86   9.35   4.07  -5.63  1.351    
  47  2499.5  0.901  0.904 309.40 333.33 339.04   9.57   4.04  -5.66  1.333    
  46  2433.3  0.907  0.910 309.11 333.60 339.23   9.79   4.01  -5.69  1.316    
  45  2367.9  0.913  0.916 308.83 333.86 339.42  10.01   3.99  -5.72  1.299    
  44  2303.4  0.918  0.921 308.54 334.12 339.61  10.23   3.96  -5.75  1.282    
  43  2239.7  0.924  0.927 308.26 334.37 339.80  10.44   3.94  -5.78  1.265    
  42  2176.9  0.930  0.933 307.98 334.62 339.99  10.65   3.92  -5.81  1.249    
  41  2114.8  0.936  0.938 307.71 334.86 340.18  10.86   3.89  -5.84  1.233    
  40  2053.6  0.941  0.944 307.43 335.09 340.36  11.06   3.86  -5.82  1.217    
  39  1993.2  0.947  0.950 307.15 335.30 340.52  11.26   3.82  -5.76  1.201    
  38  1933.5  0.952  0.955 306.88 335.51 340.69  11.45   3.79  -5.70  1.185    
  37  1874.6  0.958  0.961 306.61 335.71 340.85  11.64   3.75  -5.64  1.170    
  36  1816.5  0.963  0.966 306.34 335.91 341.02  11.83   3.71  -5.58  1.155    
  35  1759.2  0.969  0.971 306.07 336.10 341.19  12.01   3.68  -5.52  1.140    
  34  1702.5  0.974  0.977 305.81 336.30 341.35  12.19   3.64  -5.46  1.125    
  33  1646.7  0.979  0.982 305.55 336.49 341.52  12.37   3.61  -5.41  1.110    
  32  1591.5  0.985  0.987 305.29 336.67 341.69  12.55   3.57  -5.35  1.096    
  31  1537.1  0.990  0.993 305.04 336.86 341.85  12.73   3.54  -5.29  1.082    
  30  1483.4  0.995  0.998 304.80 337.06 342.06  12.90   3.52  -5.24  1.068    
  29  1430.3  1.000  1.003 304.57 337.27 342.29  13.08   3.51  -5.19  1.054    
  28  1378.0  1.005  1.008 304.34 337.48 342.52  13.26   3.51  -5.15  1.040    
  27  1326.3  1.010  1.013 304.11 337.69 342.75  13.43   3.50  -5.10  1.027    
  26  1275.3  1.015  1.018 303.89 337.89 342.97  13.60   3.49  -5.05  1.013    
  25  1225.0  1.020  1.023 303.67 338.09 343.20  13.77   3.48  -5.01  1.003    
  24  1175.0  1.025  1.028 303.45 338.28 343.43  13.93   3.47  -4.96  1.000    
  23  1125.0  1.030  1.032 303.23 338.48 343.66  14.10   3.47  -4.91  1.000    
  22  1075.0  1.035  1.037 303.00 338.68 343.89  14.27   3.46  -4.87  1.000    
  21  1025.0  1.040  1.042 302.78 338.87 344.13  14.43   3.45  -4.82  1.000    
  20   975.0  1.045  1.047 302.56 339.07 344.37  14.60   3.44  -4.77  1.000    
  19   925.0  1.050  1.052 302.33 339.27 344.58  14.77   3.25  -4.69  1.000    
  18   875.0  1.055  1.057 302.10 339.48 344.79  14.95   3.03  -4.61  1.000    
  17   825.0  1.060  1.062 301.87 339.69 345.01  15.12   2.82  -4.53  1.000    
  16   775.0  1.065  1.068 301.64 339.90 345.22  15.30   2.60  -4.44  1.000    
  15   725.0  1.070  1.073 301.41 340.10 345.44  15.48   2.38  -4.36  1.000    
  14   675.0  1.075  1.078 301.17 340.31 345.66  15.65   2.17  -4.27  1.000    
  13   625.0  1.080  1.083 300.94 340.51 345.88  15.83   1.95  -4.19  1.000    
  12   575.0  1.086  1.088 300.71 340.72 346.11  16.00   1.74  -4.10  1.000    
  11   525.0  1.091  1.093 300.47 340.92 346.33  16.18   1.52  -4.02  1.000    
  10   475.0  1.096  1.098 300.24 341.13 346.56  16.35   1.31  -3.93  1.000    
   9   425.0  1.101  1.104 300.03 341.22 346.88  16.47   1.11  -3.82  1.000    
   8   375.0  1.106  1.109 299.86 341.10 347.38  16.49   0.95  -3.65  1.000    
   7   325.0  1.111  1.114 299.64 341.07 347.69  16.57   0.79  -3.43  1.000    
   6   275.0  1.117  1.120 299.21 341.40 347.16  16.87   0.67  -2.96  1.000    
   5   225.0  1.123  1.126 298.79 341.74 346.63  17.18   0.55  -2.50  1.000    
   4   175.0  1.129  1.132 298.36 342.07 346.10  17.48   0.42  -2.03  1.000    
   3   125.0  1.135  1.138 297.93 342.40 345.56  17.79   0.30  -1.56  1.000    
   2    75.0  1.141  1.144 297.50 342.73 345.02  18.09   0.18  -1.10  1.000    
   1    25.0  1.147  1.151 297.07 343.06 344.48  18.39   0.06  -0.63  1.000    
  k      z    rho     rhoi    s      h     h*      qt      u      v     adz     
 N
 
   k      z      dz     pres   presi   Tabs     tp     tpl      qt      Qc     Qi    REL
  64  3768.54   82.71  635.89  639.12  278.08  316.50  316.50  7.3450  0.0000  0.0000   85.38
  63  3685.83   82.17  642.36  645.57  278.58  316.15  316.15  7.4728  0.0000  0.0000   84.72
  62  3604.19   81.10  648.79  651.98  279.03  315.77  315.77  7.6442  0.0000  0.0000   84.78
  61  3523.62   80.05  655.19  658.37  279.48  315.39  315.39  7.8133  0.0000  0.0000   84.81
  60  3444.09   79.01  661.56  664.72  279.92  315.02  315.02  7.9802  0.0000  0.0000   84.81
  59  3365.60   77.98  667.89  671.04  280.36  314.65  314.65  8.1449  0.0000  0.0000   84.79
  58  3288.12   76.97  674.19  677.32  280.79  314.28  314.28  8.3075  0.0000  0.0000   84.75
  57  3211.65   75.97  680.46  683.57  281.21  313.93  313.93  8.4680  0.0000  0.0000   84.69
  56  3136.18   74.99  686.70  689.79  281.62  313.56  313.56  8.5945  0.0000  0.0000   84.34
  55  3061.68   74.01  692.90  695.97  282.01  313.20  313.20  8.6737  0.0000  0.0000   83.61
  54  2988.15   73.05  699.06  702.12  282.40  312.83  312.83  8.7519  0.0000  0.0000   82.89
  53  2915.58   72.10  705.19  708.24  282.78  312.47  312.47  8.8291  0.0000  0.0000   82.19
  52  2843.95   71.17  711.29  714.31  283.16  312.12  312.12  8.9053  0.0000  0.0000   81.51
  51  2773.25   70.24  717.35  720.35  283.53  311.77  311.77  8.9805  0.0000  0.0000   80.85
  50  2703.47   69.33  723.37  726.36  283.89  311.43  311.43  9.0548  0.0000  0.0000   80.21
  49  2634.59   68.43  729.36  732.33  284.25  311.09  311.09  9.1280  0.0000  0.0000   79.58
  48  2566.61   67.54  735.31  738.26  284.62  310.77  310.77  9.3454  0.0000  0.0000   80.14
  47  2499.51   66.66  741.22  744.15  284.98  310.45  310.45  9.5704  0.0000  0.0000   80.74
  46  2433.28   65.80  747.09  750.00  285.34  310.14  310.14  9.7924  0.0000  0.0000   81.31
  45  2367.91   64.94  752.92  755.82  285.69  309.83  309.83 10.0115  0.0000  0.0000   81.84
  44  2303.40   64.10  758.72  761.59  286.04  309.53  309.53 10.2278  0.0000  0.0000   82.33
  43  2239.72   63.27  764.47  767.33  286.38  309.23  309.23 10.4413  0.0000  0.0000   82.79
  42  2176.86   62.45  770.19  773.03  286.71  308.93  308.93 10.6520  0.0000  0.0000   83.22
  41  2114.83   61.63  775.87  778.68  287.05  308.64  308.64 10.8600  0.0000  0.0000   83.63
  40  2053.59   60.83  781.50  784.30  287.37  308.35  308.35 11.0611  0.0000  0.0000   84.00
  39  1993.16   60.04  787.10  789.88  287.68  308.06  308.06 11.2560  0.0000  0.0000   84.34
  38  1933.51   59.26  792.66  795.41  287.99  307.77  307.77 11.4483  0.0000  0.0000   84.67
  37  1874.63   58.49  798.17  800.91  288.29  307.48  307.48 11.6382  0.0000  0.0000   84.97
  36  1816.52   57.73  803.65  806.37  288.59  307.20  307.20 11.8256  0.0000  0.0000   85.26
  35  1759.16   56.98  809.09  811.78  288.88  306.92  306.92 12.0106  0.0000  0.0000   85.52
  34  1702.55   56.24  814.48  817.16  289.17  306.64  306.64 12.1931  0.0000  0.0000   85.77
  33  1646.67   55.51  819.84  822.49  289.46  306.37  306.37 12.3733  0.0000  0.0000   86.01
  32  1591.52   54.79  825.15  827.78  289.74  306.10  306.10 12.5512  0.0000  0.0000   86.23
  31  1537.08   54.08  830.42  833.04  290.02  305.84  305.84 12.7267  0.0000  0.0000   86.44
  30  1483.35   53.38  835.65  838.25  290.30  305.59  305.59 12.9043  0.0000  0.0000   86.58
  29  1430.32   52.69  840.85  843.42  290.59  305.35  305.35 13.0812  0.0000  0.0000   86.70
  28  1377.98   52.00  845.99  848.55  290.87  305.12  305.12 13.2557  0.0000  0.0000   86.81
  27  1326.32   51.33  851.10  853.63  291.15  304.88  304.88 13.4280  0.0000  0.0000   86.90
  26  1275.33   50.66  856.17  858.68  291.43  304.65  304.65 13.5981  0.0000  0.0000   86.99
  25  1225.00   50.16  861.19  863.70  291.70  304.43  304.43 13.7659  0.0000  0.0000   87.06
  24  1175.00   50.00  866.21  868.73  291.97  304.20  304.20 13.9326  0.0000  0.0000   87.13
  23  1125.00   50.00  871.25  873.78  292.23  303.98  303.98 14.0994  0.0000  0.0000   87.19
  22  1075.00   50.00  876.31  878.85  292.50  303.75  303.75 14.2661  0.0000  0.0000   87.24
  21  1025.00   50.00  881.40  883.95  292.77  303.53  303.53 14.4329  0.0000  0.0000   87.29
  20   975.00   50.00  886.51  889.08  293.04  303.30  303.30 14.5996  0.0000  0.0000   87.32
  19   925.00   50.00  891.65  894.23  293.29  303.07  303.07 14.7741  0.0000  0.0000   87.44
  18   875.00   50.00  896.81  899.40  293.55  302.83  302.83 14.9495  0.0000  0.0000   87.56
  17   825.00   50.00  902.00  904.60  293.81  302.60  302.60 15.1249  0.0000  0.0000   87.67
  16   775.00   50.00  907.21  909.82  294.07  302.37  302.37 15.3003  0.0000  0.0000   87.78
  15   725.00   50.00  912.44  915.07  294.32  302.13  302.13 15.4757  0.0000  0.0000   87.88
  14   675.00   50.00  917.71  920.35  294.58  301.90  301.90 15.6511  0.0000  0.0000   87.97
  13   625.00   50.00  922.99  925.65  294.83  301.67  301.67 15.8265  0.0000  0.0000   88.05
  12   575.00   50.00  928.30  930.97  295.09  301.43  301.43 16.0019  0.0000  0.0000   88.13
  11   525.00   50.00  933.64  936.32  295.34  301.20  301.20 16.1773  0.0000  0.0000   88.20
  10   475.00   50.00  939.00  941.70  295.60  300.96  300.96 16.3526  0.0000  0.0000   88.27
   9   425.00   50.00  944.39  947.10  295.88  300.75  300.75 16.4729  0.0000  0.0000   87.91
   8   375.00   50.00  949.81  952.52  296.19  300.59  300.59 16.4950  0.0000  0.0000   86.80
   7   325.00   50.00  955.25  957.97  296.47  300.37  300.37 16.5679  0.0000  0.0000   86.22
   6   275.00   50.00  960.71  963.46  296.53  299.94  299.94 16.8724  0.0000  0.0000   87.99
   5   225.00   50.00  966.21  968.97  296.59  299.52  299.52 17.1768  0.0000  0.0000   89.77
   4   175.00   50.00  971.73  974.50  296.65  299.09  299.09 17.4813  0.0000  0.0000   91.56
   3   125.00   50.00  977.29  980.07  296.71  298.66  298.66 17.7857  0.0000  0.0000   93.36
   2    75.00   50.00  982.87  985.67  296.76  298.23  298.23 18.0902  0.0000  0.0000   95.17
   1    25.00   50.00  988.48  991.30  296.82  297.81  297.81 18.3947  0.0000  0.0000   97.00
   k      z      dz     pres   presi   Tabs     tp     tpl      qt      Qc     Qi    REL
 Smagorinsky SGS Closure
 Initializeing forcing data...
 sounding data: nsnd=           3   nzsnd=          47
 Observed sounding interval (days):  0.0000000E+00   2.000000    
 rad forcing data: nrfc=          38   nzrfc=          33
 Radiative Forcing interval (days):  0.0000000E+00  0.2569444    
 surface forcing data: nsfc=          73
 Surface Forcing interval (days):  0.0000000E+00  0.5000000    
 
 Case: LBA
 Caseid: 2048x2048x256
 New Run.
 Day:  0.0000000E+00
 Model type: CEM
 Finish at timestep:         360
 Finish on day:  1.2500000E-02
 
 Statistics file ouput frequency:          120  steps
 Statistics file sampling: every           10  steps
 printouts frequency:         120  steps
 Adams-Bashforth scheme order:           3
 
 Global Grid:         384         576          64
 Local Grid:          96          96          64
 Grid spacing (m) dx, dy, dz:   100.0000       100.0000       50.00000    
 Domain dimensions (m):   38400.00       57600.00       3768.537    
 dowallx= F
 dowally= F
 
 Timestep (sec):   3.000000    
 domain translation velocities ug, vg:  0.0000000E+00  0.0000000E+00
 
 do column model F
 do convective parameterization F
 do spange damping at the domain top:  T
 maintain grad. of scalars at the top: T
 clouds are allowed: T
 precipitation is allowed: T
 smoke cloud F
 SGS scheme is on: T
 larger-scale subsidence is on: F
 larger-scale tendency is on: F
 coriolis force is allowed: F
 vertical coriolis force is allowed: F
 doradsimple =  F
 doradhomo = F
 dosolarconstant =  F
 solar_constant =    685.0000    
 zenith_angle =    51.70000    
 doradlon =  F
 doradlat =  F
 Latitude0:  0.0000000E+00
 Longitude0:  0.0000000E+00
 rundatadir = ./RUNDATA
 radiation forcing is prescribed
 factor to change present CO2 concentration: nxco2=   1.000000    
 surface flux parameterization is on: T
 Surface type: LAND
 soil_wetness=   1.000000    
 z0=  3.5000000E-02
  sensible heat flux prescribed: T
  latent heat flux prescribed: T
  surface stress prescribed: F
 dosfchomo =  F
 doisccp =  F
 domodis =  F
 domisr =  F
 dosimfilesout= F
 dodynamicocean = F
 SLM= F
 surface temperature prescribed: T
 dossthomo = F
 doseawater= F
 salt_factor (satur. correction for salty water)=   1.000000    
 Nudging of U and V: T
 tauls =    7200.000    
 dotracers = F
 output_sep = T
 perturb_type =            0
 doSAMconditionals = T
 dosatupdnconditionals = T
 doscamiopdata = F
 iopfile:
 dozero_out_day0 = F
 nsave2D =           30
 nsave2Dstart =      9999180
 nsave2Dend =    999164000
 save2Dbin =  F
 nsave3D =           30
 nsave3Dstart =     99999180
 nsave3Dend =    999999999
 save3Dbin =  F
 qnsave3D =   0.0000000E+00
 docolumn =  F
 doensemble =  F
 nensemble =            0
 nstatmom =         1000
 nstatmomstart =     99999999
 nstatmomend =     99999999
 savemombin =  F
 nmovie =         1000
 nmoviestart =     99999999
 nmovieend =     99999999
 Added          164  arrays to statistics for M2005 microphysics
 Number of statistics profiles:         617
 Statistics profiles to save:
PRES       U          V          UOBS       VOBS       WOBS       RHO        MSE     
DSE        SSE        THETAE     THETA      THETAV     THETAL     TABS       TABSOBS 
TL         QT         QV         S          QVOBS      TTEND      QTEND      QCL     
QCI        QPL        QPI        QN         QP         QNFR       FRACT      QSAT    
QCOND      PRECIP     RELH       TLFLUX     TLFLUXS    TVFLUX     QCFLUX     QIFLUX  
SW         SWSB       UW         UWSB       VW         VWSB       RADLWUP    RADLWDN 
RADSWUP    RADSWDN    RADQRLW    RADQRSW    RADQR      RADQRS     RADQRC     Q1C     
Q1CC       Q1CS       Q1LS       Q2         Q2C        Q2S        Q2LS       U2      
V2         W2         TL2        TQ         QT2        QC2        QI2        QS2     
S2         W3         AUP        WSKEW      TKE        TKES       TK         TKH     
HLADV      HLDIFF     HLLAT      HLRAD      QTADV      QTDIFF     QTSINK     QTSRC   
QPADV      QPDIFF     QPFALL     QPSRC      QPEVP      SHEAR      SHEARS     BUOYA   
BUOYAS     ADVTR      PRESSTR    ADVTRS     DIFTR      DISSIP     DISSIPS    WUADV   
WVADV      WUPRES     WVPRES     WUANIZ     WVANIZ     WUSHEAR    WVSHEAR    WUBUOY  
WVBUOY     WUDIFF     WVDIFF     W2ADV      W2PRES     W2REDIS    W2BUOY     W2DIFF  
TWGRAD     TWADV      TWDIFF     TWBUOY     TWPRES     TWPREC     QWGRAD     QWADV   
QWDIFF     QWBUOY     QWPRES     QWPREC     SWGRAD     SWADV      SWDIFF     SWBUOY  
SWPRES     T2ADVTR    T2GRAD     T2DISSIP   T2DIFTR    T2PREC     Q2ADVTR    Q2GRAD  
Q2DISSIP   Q2DIFTR    Q2PREC     S2ADVTR    S2GRAD     S2DISSIP   S2DIFTR    HYDRO   
MCUP       MCDNS      MCDNU      MC         CORE       CORECL     COREDN     COREDNCL
MCRUP      MCRDNS     MCRDNU     MCR        QVTEND     QHTEND     QNUDGE     THTEND  
TVTEND     TNUDGE     WSTAR3     UADV       VADV       UDIFF      VDIFF      UNUDGE  
VNUDGE     ULSADVV    VLSADVV    USTOR      VSTOR      UTENDCOR   URESID     VTENDCOR
VRESID     HLSTOR     QTSTOR     RADQRCLW   RADQRCSW   CLD        WCLD       UCLD    
VCLD       MSECLD     DSECLD     TLCLD      TACLD      TVCLD      TVCLDA     QTCLD   
QNCLD      QPCLD      SCLD       WCLDA      TLWCLD     TVWCLD     SWCLD      QTWCLD  
QCWCLD     QIWCLD     HFCLD      HFCLDA     UCLDA      VCLDA      UPGFCLD    VPGFCLD 
WPGFCLD    UWCLD      VWCLD      UWSBCLD    VWSBCLD    MFCLD      MFHCLD     MFHCLDA 
MFTLCLD    MFTLCLDA   MFTVCLD    MFTVCLDA   MFQTCLD    MFQTCLDA   RUWCLD     RVWCLD  
RWWCLD     COR        WCOR       UCOR       VCOR       MSECOR     DSECOR     TLCOR   
TACOR      TVCOR      TVCORA     QTCOR      QNCOR      QPCOR      SCOR       WCORA   
TLWCOR     TVWCOR     SWCOR      QTWCOR     QCWCOR     QIWCOR     HFCOR      HFCORA  
UCORA      VCORA      UPGFCOR    VPGFCOR    WPGFCOR    UWCOR      VWCOR      UWSBCOR 
VWSBCOR    MFCOR      MFHCOR     MFHCORA    MFTLCOR    MFTLCORA   MFTVCOR    MFTVCORA
MFQTCOR    MFQTCORA   RUWCOR     RVWCOR     RWWCOR     CDN        WCDN       UCDN    
VCDN       MSECDN     DSECDN     TLCDN      TACDN      TVCDN      TVCDNA     QTCDN   
QNCDN      QPCDN      SCDN       WCDNA      TLWCDN     TVWCDN     SWCDN      QTWCDN  
QCWCDN     QIWCDN     HFCDN      HFCDNA     UCDNA      VCDNA      UPGFCDN    VPGFCDN 
WPGFCDN    UWCDN      VWCDN      UWSBCDN    VWSBCDN    MFCDN      MFHCDN     MFHCDNA 
MFTLCDN    MFTLCDNA   MFTVCDN    MFTVCDNA   MFQTCDN    MFQTCDNA   RUWCDN     RVWCDN  
RWWCDN     SUP        WSUP       USUP       VSUP       MSESUP     DSESUP     TLSUP   
TASUP      TVSUP      TVSUPA     QTSUP      QNSUP      QPSUP      SSUP       WSUPA   
TLWSUP     TVWSUP     SWSUP      QTWSUP     QCWSUP     QIWSUP     HFSUP      HFSUPA  
USUPA      VSUPA      UPGFSUP    VPGFSUP    WPGFSUP    UWSUP      VWSUP      UWSBSUP 
VWSBSUP    MFSUP      MFHSUP     MFHSUPA    MFTLSUP    MFTLSUPA   MFTVSUP    MFTVSUPA
MFQTSUP    MFQTSUPA   RUWSUP     RVWSUP     RWWSUP     SDN        WSDN       USDN    
VSDN       MSESDN     DSESDN     TLSDN      TASDN      TVSDN      TVSDNA     QTSDN   
QNSDN      QPSDN      SSDN       WSDNA      TLWSDN     TVWSDN     SWSDN      QTWSDN  
QCWSDN     QIWSDN     HFSDN      HFSDNA     USDNA      VSDNA      UPGFSDN    VPGFSDN 
WPGFSDN    UWSDN      VWSDN      UWSBSDN    VWSBSDN    MFSDN      MFHSDN     MFHSDNA 
MFTLSDN    MFTLSDNA   MFTVSDN    MFTVSDNA   MFQTSDN    MFQTSDNA   RUWSDN     RVWSDN  
RWWSDN     ENV        WENV       UENV       VENV       MSEENV     DSEENV     TLENV   
TAENV      TVENV      TVENVA     QTENV      QNENV      QPENV      SENV       WENVA   
TLWENV     TVWENV     SWENV      QTWENV     QCWENV     QIWENV     HFENV      HFENVA  
UENVA      VENVA      UPGFENV    VPGFENV    WPGFENV    UWENV      VWENV      UWSBENV 
VWSBENV    MFENV      MFHENV     MFHENVA    MFTLENV    MFTLENVA   MFTVENV    MFTVENVA
MFQTENV    MFQTENVA   RUWENV     RVWENV     RWWENV     QTFLUX     QTO        QTO2    
QTOADV     QTODIFF    QTOLSADV   QTOMPHY    QTOSED     QTOFLXR    QTOFLXS    QTOSDFLX
QR         QRADV      QRDIFF     QRLSADV    QRMPHY     QRSED      QRFLXR     QRFLXS  
QRSDFLX    QRFRAC     TAUQR      QROEFFR    NR         NRADV      NRDIFF     NRLSADV 
NRMPHY     NRSED      NRFLXR     NRFLXS     NRSDFLX    QI         QIADV      QIDIFF  
QILSADV    QIMPHY     QISED      QIFLXR     QIFLXS     QISDFLX    QIFRAC     TAUQI   
QIOEFFR    NI         NIADV      NIDIFF     NILSADV    NIMPHY     NISED      NIFLXR  
NIFLXS     NISDFLX    QS         QSADV      QSDIFF     QSLSADV    QSMPHY     QSSED   
QSFLXR     QSFLXS     QSSDFLX    QSFRAC     TAUQS      QSOEFFR    NS         NSADV   
NSDIFF     NSLSADV    NSMPHY     NSSED      NSFLXR     NSFLXS     NSSDFLX    QG      
QGADV      QGDIFF     QGLSADV    QGMPHY     QGSED      QGFLXR     QGFLXS     QGSDFLX 
QGFRAC     TAUQG      QGOEFFR    NG         NGADV      NGDIFF     NGLSADV    NGMPHY  
NGSED      NGFLXR     NGFLXS     NGSDFLX    QC         TAUQC      QCOEFFR    QVCLD   
QCCLD      QTOCLD     QRCLD      NRCLD      QICLD      NICLD      QSCLD      NSCLD   
QGCLD      NGCLD      QVCOR      QCCOR      QTOCOR     QRCOR      NRCOR      QICOR   
NICOR      QSCOR      NSCOR      QGCOR      NGCOR      QVCDN      QCCDN      QTOCDN  
QRCDN      NRCDN      QICDN      NICDN      QSCDN      NSCDN      QGCDN      NGCDN   
QVSUP      QCSUP      QTOSUP     QRSUP      NRSUP      QISUP      NISUP      QSSUP   
NSSUP      QGSUP      NGSUP      QVSDN      QCSDN      QTOSDN     QRSDN      NRSDN   
QISDN      NISDN      QSSDN      NSSDN      QGSDN      NGSDN      QVENV      QCENV   
QTOENV     QRENV      NRENV      QIENV      NIENV      QSENV      NSENV      QGENV   
NGENV   
NSTEP =       0 NCYCLE= 0 CFL=0.000 CFLH=0.000 CFLZ=0.000 CFL_sgs=0.000
 DAY =   0.0000000E+00
 NSTEP=           0
 div:  0.0000000E+00  0.0000000E+00
 SST=  0.000000000000000E+000
 surface pressure=   991.3000    
 u:  6.0628746E-02   4.088974    
 v:  -5.836753     -0.6327844    
 w:  0.0000000E+00  0.0000000E+00
 p:  0.0000000E+00  0.0000000E+00
 t:   296.9660       314.8991    
 tabs:   278.0771       296.9217    
 qv:  7.3449621E-03  1.8394670E-02
 tke:  0.0000000E+00  0.0000000E+00
 tk:  0.0000000E+00  0.0000000E+00
 tkh:  0.0000000E+00  0.0000000E+00
 qcl:  0.0000000E+00  0.0000000E+00
 qci:  0.0000000E+00  0.0000000E+00
 QTO:  7.3449621E-03  1.8394670E-02
 QR:  0.0000000E+00  0.0000000E+00
 NR:  0.0000000E+00  0.0000000E+00
 QI:  0.0000000E+00  0.0000000E+00
 NI:  0.0000000E+00  0.0000000E+00
 QS:  0.0000000E+00  0.0000000E+00
 NS:  0.0000000E+00  0.0000000E+00
 QG:  0.0000000E+00  0.0000000E+00
 NG:  0.0000000E+00  0.0000000E+00
 qpl:  0.0000000E+00  0.0000000E+00
 qpi:  0.0000000E+00  0.0000000E+00
 shf:  0.0000000E+00  0.0000000E+00
 lhf:  0.0000000E+00  0.0000000E+00
 uw:  0.0000000E+00  0.0000000E+00
 vw:  0.0000000E+00  0.0000000E+00
 sst:   300.0000       300.0000    
 precinst (mm/h):  0.0000000E+00  0.0000000E+00
 total water budget:
 before (mm):         44.80808668309
 after (mm):          44.80808668309
 evaporation (mm):     0.00000000000
 precipitation (mm):   0.00000000000
 large-scale (mm):     0.00000000000
 Imbalance (mm)       0.00000000000
  imbalance (rel error):  0.000000000000000E+000
 evap (mm/day):  0.000000000000000E+000
 prec (mm/day):  0.000000000000000E+000
 ls (mm/day):  0.000000000000000E+000
 imbalance (mm/day)  0.000000000000000E+000
NSTEP =       1 NCYCLE= 1 CFL=0.210 CFLH=0.210 CFLZ=0.000 CFL_sgs=0.000
NSTEP =       2 NCYCLE= 1 CFL=0.210 CFLH=0.210 CFLZ=0.000 CFL_sgs=0.000
NSTEP =       3 NCYCLE= 1 CFL=0.210 CFLH=0.210 CFLZ=0.001 CFL_sgs=0.002
NSTEP =       4 NCYCLE= 1 CFL=0.210 CFLH=0.210 CFLZ=0.001 CFL_sgs=0.000
NSTEP =       5 NCYCLE= 1 CFL=0.210 CFLH=0.210 CFLZ=0.001 CFL_sgs=0.003
NSTEP =       6 NCYCLE= 1 CFL=0.210 CFLH=0.210 CFLZ=0.002 CFL_sgs=0.000
NSTEP =       7 NCYCLE= 1 CFL=0.210 CFLH=0.210 CFLZ=0.002 CFL_sgs=0.003
NSTEP =       8 NCYCLE= 1 CFL=0.210 CFLH=0.210 CFLZ=0.002 CFL_sgs=0.000
NSTEP =       9 NCYCLE= 1 CFL=0.210 CFLH=0.210 CFLZ=0.003 CFL_sgs=0.004
NSTEP =      10 NCYCLE= 1 CFL=0.210 CFLH=0.210 CFLZ=0.003 CFL_sgs=0.000
NSTEP =      11 NCYCLE= 1 CFL=0.210 CFLH=0.210 CFLZ=0.003 CFL_sgs=0.004
 Collecting statistics...
NSTEP =      12 NCYCLE= 1 CFL=0.210 CFLH=0.210 CFLZ=0.004 CFL_sgs=0.000
NSTEP =      13 NCYCLE= 1 CFL=0.210 CFLH=0.210 CFLZ=0.004 CFL_sgs=0.005
NSTEP =      14 NCYCLE= 1 CFL=0.210 CFLH=0.210 CFLZ=0.004 CFL_sgs=0.000
NSTEP =      15 NCYCLE= 1 CFL=0.210 CFLH=0.210 CFLZ=0.005 CFL_sgs=0.005
NSTEP =      16 NCYCLE= 1 CFL=0.210 CFLH=0.210 CFLZ=0.005 CFL_sgs=0.000
NSTEP =      17 NCYCLE= 1 CFL=0.210 CFLH=0.210 CFLZ=0.005 CFL_sgs=0.005
NSTEP =      18 NCYCLE= 1 CFL=0.210 CFLH=0.210 CFLZ=0.006 CFL_sgs=0.000
NSTEP =      19 NCYCLE= 1 CFL=0.210 CFLH=0.210 CFLZ=0.006 CFL_sgs=0.006
NSTEP =      20 NCYCLE= 1 CFL=0.210 CFLH=0.210 CFLZ=0.006 CFL_sgs=0.000
NSTEP =      21 NCYCLE= 1 CFL=0.210 CFLH=0.210 CFLZ=0.006 CFL_sgs=0.006
NSTEP =      22 NCYCLE= 1 CFL=0.210 CFLH=0.210 CFLZ=0.007 CFL_sgs=0.000
NSTEP =      23 NCYCLE= 1 CFL=0.210 CFLH=0.210 CFLZ=0.007 CFL_sgs=0.006
 Collecting statistics...
NSTEP =      24 NCYCLE= 1 CFL=0.210 CFLH=0.210 CFLZ=0.007 CFL_sgs=0.000
NSTEP =      25 NCYCLE= 1 CFL=0.210 CFLH=0.210 CFLZ=0.007 CFL_sgs=0.007
NSTEP =      26 NCYCLE= 1 CFL=0.210 CFLH=0.210 CFLZ=0.008 CFL_sgs=0.000
NSTEP =      27 NCYCLE= 1 CFL=0.210 CFLH=0.210 CFLZ=0.008 CFL_sgs=0.007
NSTEP =      28 NCYCLE= 1 CFL=0.210 CFLH=0.210 CFLZ=0.008 CFL_sgs=0.000
NSTEP =      29 NCYCLE= 1 CFL=0.210 CFLH=0.210 CFLZ=0.008 CFL_sgs=0.007
NSTEP =      30 NCYCLE= 1 CFL=0.210 CFLH=0.210 CFLZ=0.008 CFL_sgs=0.000
NSTEP =      31 NCYCLE= 1 CFL=0.210 CFLH=0.210 CFLZ=0.008 CFL_sgs=0.007
NSTEP =      32 NCYCLE= 1 CFL=0.210 CFLH=0.210 CFLZ=0.009 CFL_sgs=0.000
NSTEP =      33 NCYCLE= 1 CFL=0.210 CFLH=0.210 CFLZ=0.009 CFL_sgs=0.008
NSTEP =      34 NCYCLE= 1 CFL=0.210 CFLH=0.210 CFLZ=0.009 CFL_sgs=0.000
NSTEP =      35 NCYCLE= 1 CFL=0.210 CFLH=0.210 CFLZ=0.009 CFL_sgs=0.008
 Collecting statistics...
NSTEP =      36 NCYCLE= 1 CFL=0.210 CFLH=0.210 CFLZ=0.009 CFL_sgs=0.000
NSTEP =      37 NCYCLE= 1 CFL=0.210 CFLH=0.210 CFLZ=0.009 CFL_sgs=0.008
NSTEP =      38 NCYCLE= 1 CFL=0.210 CFLH=0.210 CFLZ=0.009 CFL_sgs=0.000
NSTEP =      39 NCYCLE= 1 CFL=0.210 CFLH=0.210 CFLZ=0.009 CFL_sgs=0.008
NSTEP =      40 NCYCLE= 1 CFL=0.210 CFLH=0.210 CFLZ=0.009 CFL_sgs=0.000
NSTEP =      41 NCYCLE= 1 CFL=0.210 CFLH=0.210 CFLZ=0.009 CFL_sgs=0.009
NSTEP =      42 NCYCLE= 1 CFL=0.210 CFLH=0.210 CFLZ=0.010 CFL_sgs=0.000
NSTEP =      43 NCYCLE= 1 CFL=0.210 CFLH=0.210 CFLZ=0.009 CFL_sgs=0.009
NSTEP =      44 NCYCLE= 1 CFL=0.210 CFLH=0.210 CFLZ=0.010 CFL_sgs=0.000
NSTEP =      45 NCYCLE= 1 CFL=0.210 CFLH=0.210 CFLZ=0.010 CFL_sgs=0.009
NSTEP =      46 NCYCLE= 1 CFL=0.210 CFLH=0.210 CFLZ=0.010 CFL_sgs=0.000
NSTEP =      47 NCYCLE= 1 CFL=0.210 CFLH=0.210 CFLZ=0.010 CFL_sgs=0.009
 Collecting statistics...
NSTEP =      48 NCYCLE= 1 CFL=0.210 CFLH=0.210 CFLZ=0.010 CFL_sgs=0.000
NSTEP =      49 NCYCLE= 1 CFL=0.210 CFLH=0.210 CFLZ=0.010 CFL_sgs=0.009
NSTEP =      50 NCYCLE= 1 CFL=0.210 CFLH=0.210 CFLZ=0.010 CFL_sgs=0.000
NSTEP =      51 NCYCLE= 1 CFL=0.210 CFLH=0.210 CFLZ=0.009 CFL_sgs=0.010
NSTEP =      52 NCYCLE= 1 CFL=0.210 CFLH=0.210 CFLZ=0.010 CFL_sgs=0.000
NSTEP =      53 NCYCLE= 1 CFL=0.210 CFLH=0.210 CFLZ=0.009 CFL_sgs=0.010
NSTEP =      54 NCYCLE= 1 CFL=0.210 CFLH=0.210 CFLZ=0.009 CFL_sgs=0.000
NSTEP =      55 NCYCLE= 1 CFL=0.210 CFLH=0.210 CFLZ=0.009 CFL_sgs=0.010
NSTEP =      56 NCYCLE= 1 CFL=0.210 CFLH=0.210 CFLZ=0.009 CFL_sgs=0.000
NSTEP =      57 NCYCLE= 1 CFL=0.210 CFLH=0.210 CFLZ=0.009 CFL_sgs=0.010
NSTEP =      58 NCYCLE= 1 CFL=0.210 CFLH=0.210 CFLZ=0.009 CFL_sgs=0.000
NSTEP =      59 NCYCLE= 1 CFL=0.210 CFLH=0.210 CFLZ=0.008 CFL_sgs=0.010
 Collecting statistics...
NSTEP =      60 NCYCLE= 1 CFL=0.210 CFLH=0.210 CFLZ=0.008 CFL_sgs=0.000
NSTEP =      61 NCYCLE= 1 CFL=0.210 CFLH=0.210 CFLZ=0.008 CFL_sgs=0.011
NSTEP =      62 NCYCLE= 1 CFL=0.210 CFLH=0.210 CFLZ=0.008 CFL_sgs=0.000
NSTEP =      63 NCYCLE= 1 CFL=0.210 CFLH=0.210 CFLZ=0.008 CFL_sgs=0.011
NSTEP =      64 NCYCLE= 1 CFL=0.210 CFLH=0.210 CFLZ=0.008 CFL_sgs=0.000
NSTEP =      65 NCYCLE= 1 CFL=0.210 CFLH=0.210 CFLZ=0.008 CFL_sgs=0.011
NSTEP =      66 NCYCLE= 1 CFL=0.210 CFLH=0.210 CFLZ=0.008 CFL_sgs=0.000
NSTEP =      67 NCYCLE= 1 CFL=0.210 CFLH=0.210 CFLZ=0.008 CFL_sgs=0.011
NSTEP =      68 NCYCLE= 1 CFL=0.210 CFLH=0.210 CFLZ=0.008 CFL_sgs=0.000
NSTEP =      69 NCYCLE= 1 CFL=0.210 CFLH=0.210 CFLZ=0.008 CFL_sgs=0.011
NSTEP =      70 NCYCLE= 1 CFL=0.210 CFLH=0.210 CFLZ=0.008 CFL_sgs=0.000
NSTEP =      71 NCYCLE= 1 CFL=0.210 CFLH=0.210 CFLZ=0.007 CFL_sgs=0.011
 Collecting statistics...
NSTEP =      72 NCYCLE= 1 CFL=0.210 CFLH=0.210 CFLZ=0.007 CFL_sgs=0.000
NSTEP =      73 NCYCLE= 1 CFL=0.210 CFLH=0.210 CFLZ=0.007 CFL_sgs=0.012
NSTEP =      74 NCYCLE= 1 CFL=0.210 CFLH=0.210 CFLZ=0.007 CFL_sgs=0.000
NSTEP =      75 NCYCLE= 1 CFL=0.210 CFLH=0.210 CFLZ=0.007 CFL_sgs=0.012
NSTEP =      76 NCYCLE= 1 CFL=0.210 CFLH=0.210 CFLZ=0.007 CFL_sgs=0.000
NSTEP =      77 NCYCLE= 1 CFL=0.210 CFLH=0.210 CFLZ=0.006 CFL_sgs=0.012
NSTEP =      78 NCYCLE= 1 CFL=0.210 CFLH=0.210 CFLZ=0.006 CFL_sgs=0.000
NSTEP =      79 NCYCLE= 1 CFL=0.210 CFLH=0.210 CFLZ=0.006 CFL_sgs=0.012
NSTEP =      80 NCYCLE= 1 CFL=0.210 CFLH=0.210 CFLZ=0.006 CFL_sgs=0.000
NSTEP =      81 NCYCLE= 1 CFL=0.210 CFLH=0.210 CFLZ=0.006 CFL_sgs=0.012
NSTEP =      82 NCYCLE= 1 CFL=0.210 CFLH=0.210 CFLZ=0.006 CFL_sgs=0.000
NSTEP =      83 NCYCLE= 1 CFL=0.210 CFLH=0.210 CFLZ=0.006 CFL_sgs=0.012
 Collecting statistics...
NSTEP =      84 NCYCLE= 1 CFL=0.210 CFLH=0.210 CFLZ=0.006 CFL_sgs=0.000
NSTEP =      85 NCYCLE= 1 CFL=0.210 CFLH=0.210 CFLZ=0.006 CFL_sgs=0.013
NSTEP =      86 NCYCLE= 1 CFL=0.210 CFLH=0.210 CFLZ=0.006 CFL_sgs=0.000
NSTEP =      87 NCYCLE= 1 CFL=0.210 CFLH=0.210 CFLZ=0.006 CFL_sgs=0.013
NSTEP =      88 NCYCLE= 1 CFL=0.210 CFLH=0.210 CFLZ=0.006 CFL_sgs=0.000
NSTEP =      89 NCYCLE= 1 CFL=0.210 CFLH=0.210 CFLZ=0.005 CFL_sgs=0.013
NSTEP =      90 NCYCLE= 1 CFL=0.210 CFLH=0.210 CFLZ=0.005 CFL_sgs=0.000
NSTEP =      91 NCYCLE= 1 CFL=0.210 CFLH=0.210 CFLZ=0.006 CFL_sgs=0.013
NSTEP =      92 NCYCLE= 1 CFL=0.210 CFLH=0.210 CFLZ=0.006 CFL_sgs=0.000
NSTEP =      93 NCYCLE= 1 CFL=0.210 CFLH=0.210 CFLZ=0.006 CFL_sgs=0.013
NSTEP =      94 NCYCLE= 1 CFL=0.210 CFLH=0.210 CFLZ=0.006 CFL_sgs=0.000
NSTEP =      95 NCYCLE= 1 CFL=0.210 CFLH=0.210 CFLZ=0.006 CFL_sgs=0.013
 Collecting statistics...
NSTEP =      96 NCYCLE= 1 CFL=0.210 CFLH=0.210 CFLZ=0.006 CFL_sgs=0.000
NSTEP =      97 NCYCLE= 1 CFL=0.210 CFLH=0.210 CFLZ=0.006 CFL_sgs=0.013
NSTEP =      98 NCYCLE= 1 CFL=0.210 CFLH=0.210 CFLZ=0.006 CFL_sgs=0.000
NSTEP =      99 NCYCLE= 1 CFL=0.210 CFLH=0.210 CFLZ=0.006 CFL_sgs=0.014
NSTEP =     100 NCYCLE= 1 CFL=0.210 CFLH=0.210 CFLZ=0.006 CFL_sgs=0.000
NSTEP =     101 NCYCLE= 1 CFL=0.210 CFLH=0.210 CFLZ=0.006 CFL_sgs=0.014
NSTEP =     102 NCYCLE= 1 CFL=0.210 CFLH=0.210 CFLZ=0.006 CFL_sgs=0.000
NSTEP =     103 NCYCLE= 1 CFL=0.210 CFLH=0.210 CFLZ=0.007 CFL_sgs=0.014
NSTEP =     104 NCYCLE= 1 CFL=0.210 CFLH=0.210 CFLZ=0.007 CFL_sgs=0.000
NSTEP =     105 NCYCLE= 1 CFL=0.210 CFLH=0.210 CFLZ=0.007 CFL_sgs=0.014
NSTEP =     106 NCYCLE= 1 CFL=0.210 CFLH=0.210 CFLZ=0.007 CFL_sgs=0.000
NSTEP =     107 NCYCLE= 1 CFL=0.210 CFLH=0.210 CFLZ=0.007 CFL_sgs=0.014
 Collecting statistics...
NSTEP =     108 NCYCLE= 1 CFL=0.210 CFLH=0.210 CFLZ=0.007 CFL_sgs=0.000
NSTEP =     109 NCYCLE= 1 CFL=0.210 CFLH=0.210 CFLZ=0.007 CFL_sgs=0.014
NSTEP =     110 NCYCLE= 1 CFL=0.210 CFLH=0.210 CFLZ=0.007 CFL_sgs=0.000
NSTEP =     111 NCYCLE= 1 CFL=0.210 CFLH=0.210 CFLZ=0.007 CFL_sgs=0.014
NSTEP =     112 NCYCLE= 1 CFL=0.210 CFLH=0.210 CFLZ=0.007 CFL_sgs=0.000
NSTEP =     113 NCYCLE= 1 CFL=0.210 CFLH=0.210 CFLZ=0.007 CFL_sgs=0.014
NSTEP =     114 NCYCLE= 1 CFL=0.210 CFLH=0.210 CFLZ=0.007 CFL_sgs=0.000
NSTEP =     115 NCYCLE= 1 CFL=0.210 CFLH=0.210 CFLZ=0.007 CFL_sgs=0.015
NSTEP =     116 NCYCLE= 1 CFL=0.210 CFLH=0.210 CFLZ=0.007 CFL_sgs=0.000
NSTEP =     117 NCYCLE= 1 CFL=0.210 CFLH=0.210 CFLZ=0.007 CFL_sgs=0.015
NSTEP =     118 NCYCLE= 1 CFL=0.210 CFLH=0.210 CFLZ=0.007 CFL_sgs=0.000
NSTEP =     119 NCYCLE= 1 CFL=0.210 CFLH=0.210 CFLZ=0.007 CFL_sgs=0.015
 Collecting statistics...
 Writting statistics:nstatsteps=          10
 Writting history file 
 2048x2048x256                                                                  
  
 Writing restart file ...
 Restart file was saved. nstep=         120
NSTEP =     120 NCYCLE= 1 CFL=0.210 CFLH=0.210 CFLZ=0.007 CFL_sgs=0.000
 DAY =   4.1666669E-03
 NSTEP=         120
 div:  9.1691987E-09 -9.2090744E-09
 SST=   999.000000000000     
 surface pressure=   991.3000    
 u:  3.1477485E-02   4.089023    
 v:  -5.836820     -0.6628682    
 w: -0.1052080      0.1126336    
 p: -0.1178384      0.1023716    
 t:   297.1249       314.9342    
 tabs:   278.1122       296.9570    
 qv:  7.2992612E-03  1.8346198E-02
 tke:  0.0000000E+00   6.218087    
 tk:  0.0000000E+00   12.46805    
 tkh:  0.0000000E+00   12.46805    
 qcl:  0.0000000E+00  0.0000000E+00
 qci:  0.0000000E+00  0.0000000E+00
 QTO:  7.2992612E-03  1.8346198E-02
 QR:  0.0000000E+00  0.0000000E+00
 NR:  0.0000000E+00  0.0000000E+00
 QI:  0.0000000E+00  0.0000000E+00
 NI:  0.0000000E+00  0.0000000E+00
 QS:  0.0000000E+00  0.0000000E+00
 NS:  0.0000000E+00  0.0000000E+00
 QG:  0.0000000E+00  0.0000000E+00
 NG:  0.0000000E+00  0.0000000E+00
 qpl:  0.0000000E+00  0.0000000E+00
 qpi:  0.0000000E+00  0.0000000E+00
 shf:   1.788691       1.788691    
 lhf:   6.685119       6.685119    
 uw: -8.7707804E-04 -1.5901016E-04
 vw:  3.8959200E-03  4.6143327E-03
 sst:   999.0000       999.0000    
 precinst (mm/h):  0.0000000E+00  0.0000000E+00
 total water budget:
 before (mm):         44.80556615996
 after (mm):          44.80557416428
 evaporation (mm):     0.00000798900
 precipitation (mm):   0.00000000000
 large-scale (mm):     0.00000000000
 Imbalance (mm)       0.00000001531
  imbalance (rel error):  3.417144817030371E-010
 evap (mm/day):  0.230083196553702     
 prec (mm/day):  0.000000000000000E+000
 ls (mm/day):  0.000000000000000E+000
 imbalance (mm/day)  4.409485503250265E-004
CPU TIME =     116.1989 OVER     0.10 MODEL HOURS
NSTEP =     121 NCYCLE= 1 CFL=0.210 CFLH=0.210 CFLZ=0.007 CFL_sgs=0.015
NSTEP =     122 NCYCLE= 1 CFL=0.210 CFLH=0.210 CFLZ=0.007 CFL_sgs=0.000
NSTEP =     123 NCYCLE= 1 CFL=0.210 CFLH=0.210 CFLZ=0.007 CFL_sgs=0.015
NSTEP =     124 NCYCLE= 1 CFL=0.210 CFLH=0.210 CFLZ=0.007 CFL_sgs=0.000
NSTEP =     125 NCYCLE= 1 CFL=0.210 CFLH=0.210 CFLZ=0.007 CFL_sgs=0.015
NSTEP =     126 NCYCLE= 1 CFL=0.210 CFLH=0.210 CFLZ=0.007 CFL_sgs=0.000
NSTEP =     127 NCYCLE= 1 CFL=0.210 CFLH=0.210 CFLZ=0.006 CFL_sgs=0.015
NSTEP =     128 NCYCLE= 1 CFL=0.210 CFLH=0.210 CFLZ=0.006 CFL_sgs=0.000
NSTEP =     129 NCYCLE= 1 CFL=0.210 CFLH=0.210 CFLZ=0.006 CFL_sgs=0.015
NSTEP =     130 NCYCLE= 1 CFL=0.210 CFLH=0.210 CFLZ=0.006 CFL_sgs=0.000
NSTEP =     131 NCYCLE= 1 CFL=0.210 CFLH=0.210 CFLZ=0.006 CFL_sgs=0.016
 Collecting statistics...
NSTEP =     132 NCYCLE= 1 CFL=0.210 CFLH=0.210 CFLZ=0.006 CFL_sgs=0.000
NSTEP =     133 NCYCLE= 1 CFL=0.210 CFLH=0.210 CFLZ=0.006 CFL_sgs=0.016
NSTEP =     134 NCYCLE= 1 CFL=0.210 CFLH=0.210 CFLZ=0.006 CFL_sgs=0.000
NSTEP =     135 NCYCLE= 1 CFL=0.210 CFLH=0.210 CFLZ=0.006 CFL_sgs=0.016
NSTEP =     136 NCYCLE= 1 CFL=0.210 CFLH=0.210 CFLZ=0.006 CFL_sgs=0.000
NSTEP =     137 NCYCLE= 1 CFL=0.210 CFLH=0.210 CFLZ=0.006 CFL_sgs=0.016
NSTEP =     138 NCYCLE= 1 CFL=0.210 CFLH=0.210 CFLZ=0.006 CFL_sgs=0.000
NSTEP =     139 NCYCLE= 1 CFL=0.210 CFLH=0.210 CFLZ=0.006 CFL_sgs=0.016
NSTEP =     140 NCYCLE= 1 CFL=0.210 CFLH=0.210 CFLZ=0.006 CFL_sgs=0.000
NSTEP =     141 NCYCLE= 1 CFL=0.210 CFLH=0.210 CFLZ=0.006 CFL_sgs=0.016
NSTEP =     142 NCYCLE= 1 CFL=0.210 CFLH=0.210 CFLZ=0.006 CFL_sgs=0.000
NSTEP =     143 NCYCLE= 1 CFL=0.210 CFLH=0.210 CFLZ=0.006 CFL_sgs=0.016
 Collecting statistics...
NSTEP =     144 NCYCLE= 1 CFL=0.210 CFLH=0.210 CFLZ=0.006 CFL_sgs=0.000
NSTEP =     145 NCYCLE= 1 CFL=0.210 CFLH=0.210 CFLZ=0.006 CFL_sgs=0.016
NSTEP =     146 NCYCLE= 1 CFL=0.210 CFLH=0.210 CFLZ=0.006 CFL_sgs=0.000
NSTEP =     147 NCYCLE= 1 CFL=0.210 CFLH=0.210 CFLZ=0.006 CFL_sgs=0.017
NSTEP =     148 NCYCLE= 1 CFL=0.210 CFLH=0.210 CFLZ=0.006 CFL_sgs=0.000
NSTEP =     149 NCYCLE= 1 CFL=0.210 CFLH=0.210 CFLZ=0.006 CFL_sgs=0.017
NSTEP =     150 NCYCLE= 1 CFL=0.210 CFLH=0.210 CFLZ=0.006 CFL_sgs=0.000
NSTEP =     151 NCYCLE= 1 CFL=0.210 CFLH=0.210 CFLZ=0.006 CFL_sgs=0.017
NSTEP =     152 NCYCLE= 1 CFL=0.210 CFLH=0.210 CFLZ=0.006 CFL_sgs=0.000
NSTEP =     153 NCYCLE= 1 CFL=0.210 CFLH=0.210 CFLZ=0.006 CFL_sgs=0.017
NSTEP =     154 NCYCLE= 1 CFL=0.210 CFLH=0.210 CFLZ=0.005 CFL_sgs=0.000
NSTEP =     155 NCYCLE= 1 CFL=0.210 CFLH=0.210 CFLZ=0.005 CFL_sgs=0.017
 Collecting statistics...
NSTEP =     156 NCYCLE= 1 CFL=0.210 CFLH=0.210 CFLZ=0.005 CFL_sgs=0.000
NSTEP =     157 NCYCLE= 1 CFL=0.210 CFLH=0.210 CFLZ=0.005 CFL_sgs=0.017
NSTEP =     158 NCYCLE= 1 CFL=0.210 CFLH=0.210 CFLZ=0.005 CFL_sgs=0.000
NSTEP =     159 NCYCLE= 1 CFL=0.210 CFLH=0.210 CFLZ=0.005 CFL_sgs=0.017
NSTEP =     160 NCYCLE= 1 CFL=0.210 CFLH=0.210 CFLZ=0.005 CFL_sgs=0.000
NSTEP =     161 NCYCLE= 1 CFL=0.210 CFLH=0.210 CFLZ=0.005 CFL_sgs=0.017
NSTEP =     162 NCYCLE= 1 CFL=0.210 CFLH=0.210 CFLZ=0.005 CFL_sgs=0.000
NSTEP =     163 NCYCLE= 1 CFL=0.210 CFLH=0.210 CFLZ=0.005 CFL_sgs=0.017
NSTEP =     164 NCYCLE= 1 CFL=0.210 CFLH=0.210 CFLZ=0.005 CFL_sgs=0.000
NSTEP =     165 NCYCLE= 1 CFL=0.210 CFLH=0.210 CFLZ=0.006 CFL_sgs=0.017
NSTEP =     166 NCYCLE= 1 CFL=0.210 CFLH=0.210 CFLZ=0.006 CFL_sgs=0.000
NSTEP =     167 NCYCLE= 1 CFL=0.210 CFLH=0.210 CFLZ=0.006 CFL_sgs=0.018
 Collecting statistics...
NSTEP =     168 NCYCLE= 1 CFL=0.210 CFLH=0.210 CFLZ=0.006 CFL_sgs=0.000
NSTEP =     169 NCYCLE= 1 CFL=0.210 CFLH=0.210 CFLZ=0.006 CFL_sgs=0.018
NSTEP =     170 NCYCLE= 1 CFL=0.210 CFLH=0.210 CFLZ=0.006 CFL_sgs=0.000
NSTEP =     171 NCYCLE= 1 CFL=0.210 CFLH=0.210 CFLZ=0.006 CFL_sgs=0.018
NSTEP =     172 NCYCLE= 1 CFL=0.210 CFLH=0.210 CFLZ=0.006 CFL_sgs=0.000
NSTEP =     173 NCYCLE= 1 CFL=0.210 CFLH=0.210 CFLZ=0.006 CFL_sgs=0.018
NSTEP =     174 NCYCLE= 1 CFL=0.210 CFLH=0.210 CFLZ=0.006 CFL_sgs=0.000
NSTEP =     175 NCYCLE= 1 CFL=0.210 CFLH=0.210 CFLZ=0.006 CFL_sgs=0.018
NSTEP =     176 NCYCLE= 1 CFL=0.210 CFLH=0.210 CFLZ=0.006 CFL_sgs=0.000
NSTEP =     177 NCYCLE= 1 CFL=0.210 CFLH=0.210 CFLZ=0.006 CFL_sgs=0.018
NSTEP =     178 NCYCLE= 1 CFL=0.210 CFLH=0.210 CFLZ=0.006 CFL_sgs=0.000
NSTEP =     179 NCYCLE= 1 CFL=0.210 CFLH=0.210 CFLZ=0.006 CFL_sgs=0.018
 Collecting statistics...
NSTEP =     180 NCYCLE= 1 CFL=0.210 CFLH=0.210 CFLZ=0.006 CFL_sgs=0.000
NSTEP =     181 NCYCLE= 1 CFL=0.210 CFLH=0.210 CFLZ=0.006 CFL_sgs=0.018
NSTEP =     182 NCYCLE= 1 CFL=0.210 CFLH=0.210 CFLZ=0.006 CFL_sgs=0.000
NSTEP =     183 NCYCLE= 1 CFL=0.210 CFLH=0.210 CFLZ=0.006 CFL_sgs=0.018
NSTEP =     184 NCYCLE= 1 CFL=0.210 CFLH=0.210 CFLZ=0.006 CFL_sgs=0.000
NSTEP =     185 NCYCLE= 1 CFL=0.210 CFLH=0.210 CFLZ=0.006 CFL_sgs=0.019
NSTEP =     186 NCYCLE= 1 CFL=0.210 CFLH=0.210 CFLZ=0.006 CFL_sgs=0.000
NSTEP =     187 NCYCLE= 1 CFL=0.210 CFLH=0.210 CFLZ=0.006 CFL_sgs=0.019
NSTEP =     188 NCYCLE= 1 CFL=0.210 CFLH=0.210 CFLZ=0.006 CFL_sgs=0.000
NSTEP =     189 NCYCLE= 1 CFL=0.210 CFLH=0.210 CFLZ=0.006 CFL_sgs=0.019
NSTEP =     190 NCYCLE= 1 CFL=0.210 CFLH=0.210 CFLZ=0.006 CFL_sgs=0.000
NSTEP =     191 NCYCLE= 1 CFL=0.210 CFLH=0.210 CFLZ=0.006 CFL_sgs=0.019
 Collecting statistics...
NSTEP =     192 NCYCLE= 1 CFL=0.210 CFLH=0.210 CFLZ=0.006 CFL_sgs=0.000
NSTEP =     193 NCYCLE= 1 CFL=0.210 CFLH=0.210 CFLZ=0.005 CFL_sgs=0.019
NSTEP =     194 NCYCLE= 1 CFL=0.210 CFLH=0.210 CFLZ=0.005 CFL_sgs=0.000
NSTEP =     195 NCYCLE= 1 CFL=0.210 CFLH=0.210 CFLZ=0.005 CFL_sgs=0.019
NSTEP =     196 NCYCLE= 1 CFL=0.210 CFLH=0.210 CFLZ=0.005 CFL_sgs=0.000
NSTEP =     197 NCYCLE= 1 CFL=0.210 CFLH=0.210 CFLZ=0.005 CFL_sgs=0.019
NSTEP =     198 NCYCLE= 1 CFL=0.210 CFLH=0.210 CFLZ=0.005 CFL_sgs=0.000
NSTEP =     199 NCYCLE= 1 CFL=0.210 CFLH=0.210 CFLZ=0.005 CFL_sgs=0.019
NSTEP =     200 NCYCLE= 1 CFL=0.210 CFLH=0.210 CFLZ=0.005 CFL_sgs=0.000
NSTEP =     201 NCYCLE= 1 CFL=0.210 CFLH=0.210 CFLZ=0.005 CFL_sgs=0.019
NSTEP =     202 NCYCLE= 1 CFL=0.210 CFLH=0.210 CFLZ=0.005 CFL_sgs=0.000
NSTEP =     203 NCYCLE= 1 CFL=0.210 CFLH=0.210 CFLZ=0.005 CFL_sgs=0.019
 Collecting statistics...
NSTEP =     204 NCYCLE= 1 CFL=0.210 CFLH=0.210 CFLZ=0.005 CFL_sgs=0.000
NSTEP =     205 NCYCLE= 1 CFL=0.210 CFLH=0.210 CFLZ=0.005 CFL_sgs=0.020
NSTEP =     206 NCYCLE= 1 CFL=0.210 CFLH=0.210 CFLZ=0.005 CFL_sgs=0.000
NSTEP =     207 NCYCLE= 1 CFL=0.210 CFLH=0.210 CFLZ=0.005 CFL_sgs=0.020
NSTEP =     208 NCYCLE= 1 CFL=0.210 CFLH=0.210 CFLZ=0.005 CFL_sgs=0.000
NSTEP =     209 NCYCLE= 1 CFL=0.210 CFLH=0.210 CFLZ=0.005 CFL_sgs=0.020
NSTEP =     210 NCYCLE= 1 CFL=0.210 CFLH=0.210 CFLZ=0.005 CFL_sgs=0.000
NSTEP =     211 NCYCLE= 1 CFL=0.210 CFLH=0.210 CFLZ=0.005 CFL_sgs=0.020
NSTEP =     212 NCYCLE= 1 CFL=0.210 CFLH=0.210 CFLZ=0.005 CFL_sgs=0.000
NSTEP =     213 NCYCLE= 1 CFL=0.210 CFLH=0.210 CFLZ=0.005 CFL_sgs=0.020
NSTEP =     214 NCYCLE= 1 CFL=0.210 CFLH=0.210 CFLZ=0.005 CFL_sgs=0.000
NSTEP =     215 NCYCLE= 1 CFL=0.210 CFLH=0.210 CFLZ=0.005 CFL_sgs=0.020
 Collecting statistics...
NSTEP =     216 NCYCLE= 1 CFL=0.210 CFLH=0.210 CFLZ=0.005 CFL_sgs=0.000
NSTEP =     217 NCYCLE= 1 CFL=0.210 CFLH=0.210 CFLZ=0.005 CFL_sgs=0.021
NSTEP =     218 NCYCLE= 1 CFL=0.210 CFLH=0.210 CFLZ=0.005 CFL_sgs=0.000
NSTEP =     219 NCYCLE= 1 CFL=0.210 CFLH=0.210 CFLZ=0.005 CFL_sgs=0.021
NSTEP =     220 NCYCLE= 1 CFL=0.210 CFLH=0.210 CFLZ=0.005 CFL_sgs=0.000
NSTEP =     221 NCYCLE= 1 CFL=0.210 CFLH=0.210 CFLZ=0.005 CFL_sgs=0.021
NSTEP =     222 NCYCLE= 1 CFL=0.210 CFLH=0.210 CFLZ=0.005 CFL_sgs=0.000
NSTEP =     223 NCYCLE= 1 CFL=0.210 CFLH=0.210 CFLZ=0.005 CFL_sgs=0.021
NSTEP =     224 NCYCLE= 1 CFL=0.210 CFLH=0.210 CFLZ=0.005 CFL_sgs=0.000
NSTEP =     225 NCYCLE= 1 CFL=0.210 CFLH=0.210 CFLZ=0.005 CFL_sgs=0.021
NSTEP =     226 NCYCLE= 1 CFL=0.210 CFLH=0.210 CFLZ=0.004 CFL_sgs=0.000
NSTEP =     227 NCYCLE= 1 CFL=0.210 CFLH=0.210 CFLZ=0.004 CFL_sgs=0.021
 Collecting statistics...
NSTEP =     228 NCYCLE= 1 CFL=0.210 CFLH=0.210 CFLZ=0.004 CFL_sgs=0.000
NSTEP =     229 NCYCLE= 1 CFL=0.210 CFLH=0.210 CFLZ=0.004 CFL_sgs=0.021
NSTEP =     230 NCYCLE= 1 CFL=0.210 CFLH=0.210 CFLZ=0.004 CFL_sgs=0.000
NSTEP =     231 NCYCLE= 1 CFL=0.210 CFLH=0.210 CFLZ=0.004 CFL_sgs=0.022
NSTEP =     232 NCYCLE= 1 CFL=0.210 CFLH=0.210 CFLZ=0.004 CFL_sgs=0.000
NSTEP =     233 NCYCLE= 1 CFL=0.210 CFLH=0.210 CFLZ=0.004 CFL_sgs=0.022
NSTEP =     234 NCYCLE= 1 CFL=0.210 CFLH=0.210 CFLZ=0.004 CFL_sgs=0.000
NSTEP =     235 NCYCLE= 1 CFL=0.210 CFLH=0.210 CFLZ=0.004 CFL_sgs=0.022
NSTEP =     236 NCYCLE= 1 CFL=0.210 CFLH=0.210 CFLZ=0.004 CFL_sgs=0.000
NSTEP =     237 NCYCLE= 1 CFL=0.210 CFLH=0.210 CFLZ=0.004 CFL_sgs=0.022
NSTEP =     238 NCYCLE= 1 CFL=0.210 CFLH=0.210 CFLZ=0.004 CFL_sgs=0.000
NSTEP =     239 NCYCLE= 1 CFL=0.210 CFLH=0.210 CFLZ=0.004 CFL_sgs=0.022
 Collecting statistics...
 Writting statistics:nstatsteps=          10
 Writting history file 
 2048x2048x256                                                                  
  
 Writing restart file ...
 Restart file was saved. nstep=         240
NSTEP =     240 NCYCLE= 1 CFL=0.210 CFLH=0.210 CFLZ=0.004 CFL_sgs=0.000
 DAY =   8.3333338E-03
 NSTEP=         240
 div:  9.2914565E-09 -9.4189403E-09
 SST=   999.000000000000     
 surface pressure=   991.3000    
 u:  7.6057144E-02   4.089059    
 v:  -5.836879     -0.7493199    
 w: -7.2353058E-02  7.3822454E-02
 p: -7.4050255E-02  7.1805231E-02
 t:   297.2317       314.9306    
 tabs:   278.1086       297.0177    
 qv:  7.2992612E-03  1.8313052E-02
 tke:  0.0000000E+00   13.74116    
 tk:  0.0000000E+00   18.53454    
 tkh:  0.0000000E+00   18.53454    
 qcl:  0.0000000E+00  0.0000000E+00
 qci:  0.0000000E+00  0.0000000E+00
 QTO:  7.2992612E-03  1.8313052E-02
 QR:  0.0000000E+00  0.0000000E+00
 NR:  0.0000000E+00  0.0000000E+00
 QI:  0.0000000E+00  0.0000000E+00
 NI:  0.0000000E+00  0.0000000E+00
 QS:  0.0000000E+00  0.0000000E+00
 NS:  0.0000000E+00  0.0000000E+00
 QG:  0.0000000E+00  0.0000000E+00
 NG:  0.0000000E+00  0.0000000E+00
 qpl:  0.0000000E+00  0.0000000E+00
 qpi:  0.0000000E+00  0.0000000E+00
 shf:   4.048429       4.048429    
 lhf:   14.35081       14.35081    
 uw: -9.1981533E-04 -5.0270790E-04
 vw:  5.0544054E-03  5.4913275E-03
 sst:   999.0000       999.0000    
 precinst (mm/h):  0.0000000E+00  0.0000000E+00
 total water budget:
 before (mm):         44.80702388077
 after (mm):          44.80704104416
 evaporation (mm):     0.00001714979
 precipitation (mm):   0.00000000000
 large-scale (mm):     0.00000000000
 Imbalance (mm)       0.00000001360
  imbalance (rel error):  3.036113205231807E-010
 evap (mm/day):  0.493913921582134     
 prec (mm/day):  0.000000000000000E+000
 ls (mm/day):  0.000000000000000E+000
 imbalance (mm/day)  3.917930371244655E-004
CPU TIME =     116.4162 OVER     0.10 MODEL HOURS
NSTEP =     241 NCYCLE= 1 CFL=0.210 CFLH=0.210 CFLZ=0.004 CFL_sgs=0.022
NSTEP =     242 NCYCLE= 1 CFL=0.210 CFLH=0.210 CFLZ=0.004 CFL_sgs=0.000
NSTEP =     243 NCYCLE= 1 CFL=0.210 CFLH=0.210 CFLZ=0.005 CFL_sgs=0.022
NSTEP =     244 NCYCLE= 1 CFL=0.210 CFLH=0.210 CFLZ=0.005 CFL_sgs=0.000
NSTEP =     245 NCYCLE= 1 CFL=0.210 CFLH=0.210 CFLZ=0.005 CFL_sgs=0.023
NSTEP =     246 NCYCLE= 1 CFL=0.210 CFLH=0.210 CFLZ=0.005 CFL_sgs=0.000
NSTEP =     247 NCYCLE= 1 CFL=0.210 CFLH=0.210 CFLZ=0.005 CFL_sgs=0.023
NSTEP =     248 NCYCLE= 1 CFL=0.210 CFLH=0.210 CFLZ=0.005 CFL_sgs=0.000
NSTEP =     249 NCYCLE= 1 CFL=0.210 CFLH=0.210 CFLZ=0.005 CFL_sgs=0.023
NSTEP =     250 NCYCLE= 1 CFL=0.210 CFLH=0.210 CFLZ=0.005 CFL_sgs=0.000
NSTEP =     251 NCYCLE= 1 CFL=0.210 CFLH=0.210 CFLZ=0.005 CFL_sgs=0.023
 Collecting statistics...
NSTEP =     252 NCYCLE= 1 CFL=0.210 CFLH=0.210 CFLZ=0.005 CFL_sgs=0.001
NSTEP =     253 NCYCLE= 1 CFL=0.210 CFLH=0.210 CFLZ=0.005 CFL_sgs=0.023
NSTEP =     254 NCYCLE= 1 CFL=0.210 CFLH=0.210 CFLZ=0.005 CFL_sgs=0.001
NSTEP =     255 NCYCLE= 1 CFL=0.210 CFLH=0.210 CFLZ=0.005 CFL_sgs=0.023
NSTEP =     256 NCYCLE= 1 CFL=0.210 CFLH=0.210 CFLZ=0.005 CFL_sgs=0.001
NSTEP =     257 NCYCLE= 1 CFL=0.210 CFLH=0.210 CFLZ=0.005 CFL_sgs=0.023
NSTEP =     258 NCYCLE= 1 CFL=0.210 CFLH=0.210 CFLZ=0.005 CFL_sgs=0.001
NSTEP =     259 NCYCLE= 1 CFL=0.210 CFLH=0.210 CFLZ=0.005 CFL_sgs=0.023
NSTEP =     260 NCYCLE= 1 CFL=0.210 CFLH=0.210 CFLZ=0.005 CFL_sgs=0.001
NSTEP =     261 NCYCLE= 1 CFL=0.210 CFLH=0.210 CFLZ=0.005 CFL_sgs=0.024
NSTEP =     262 NCYCLE= 1 CFL=0.210 CFLH=0.210 CFLZ=0.005 CFL_sgs=0.001
NSTEP =     263 NCYCLE= 1 CFL=0.210 CFLH=0.210 CFLZ=0.005 CFL_sgs=0.024
 Collecting statistics...
NSTEP =     264 NCYCLE= 1 CFL=0.210 CFLH=0.210 CFLZ=0.005 CFL_sgs=0.001
NSTEP =     265 NCYCLE= 1 CFL=0.210 CFLH=0.210 CFLZ=0.005 CFL_sgs=0.024
NSTEP =     266 NCYCLE= 1 CFL=0.210 CFLH=0.210 CFLZ=0.005 CFL_sgs=0.001
NSTEP =     267 NCYCLE= 1 CFL=0.210 CFLH=0.210 CFLZ=0.005 CFL_sgs=0.024
NSTEP =     268 NCYCLE= 1 CFL=0.210 CFLH=0.210 CFLZ=0.005 CFL_sgs=0.001
NSTEP =     269 NCYCLE= 1 CFL=0.210 CFLH=0.210 CFLZ=0.005 CFL_sgs=0.024
NSTEP =     270 NCYCLE= 1 CFL=0.210 CFLH=0.210 CFLZ=0.004 CFL_sgs=0.001
NSTEP =     271 NCYCLE= 1 CFL=0.210 CFLH=0.210 CFLZ=0.004 CFL_sgs=0.024
NSTEP =     272 NCYCLE= 1 CFL=0.210 CFLH=0.210 CFLZ=0.004 CFL_sgs=0.001
NSTEP =     273 NCYCLE= 1 CFL=0.210 CFLH=0.210 CFLZ=0.004 CFL_sgs=0.024
NSTEP =     274 NCYCLE= 1 CFL=0.210 CFLH=0.210 CFLZ=0.004 CFL_sgs=0.001
NSTEP =     275 NCYCLE= 1 CFL=0.210 CFLH=0.210 CFLZ=0.004 CFL_sgs=0.024
 Collecting statistics...
NSTEP =     276 NCYCLE= 1 CFL=0.210 CFLH=0.210 CFLZ=0.004 CFL_sgs=0.001
NSTEP =     277 NCYCLE= 1 CFL=0.210 CFLH=0.210 CFLZ=0.004 CFL_sgs=0.025
NSTEP =     278 NCYCLE= 1 CFL=0.210 CFLH=0.210 CFLZ=0.004 CFL_sgs=0.001
NSTEP =     279 NCYCLE= 1 CFL=0.210 CFLH=0.210 CFLZ=0.004 CFL_sgs=0.025
NSTEP =     280 NCYCLE= 1 CFL=0.210 CFLH=0.210 CFLZ=0.004 CFL_sgs=0.001
NSTEP =     281 NCYCLE= 1 CFL=0.210 CFLH=0.210 CFLZ=0.004 CFL_sgs=0.025
NSTEP =     282 NCYCLE= 1 CFL=0.210 CFLH=0.210 CFLZ=0.004 CFL_sgs=0.001
NSTEP =     283 NCYCLE= 1 CFL=0.210 CFLH=0.210 CFLZ=0.004 CFL_sgs=0.025
NSTEP =     284 NCYCLE= 1 CFL=0.210 CFLH=0.210 CFLZ=0.004 CFL_sgs=0.001
NSTEP =     285 NCYCLE= 1 CFL=0.210 CFLH=0.210 CFLZ=0.004 CFL_sgs=0.025
NSTEP =     286 NCYCLE= 1 CFL=0.210 CFLH=0.210 CFLZ=0.004 CFL_sgs=0.001
NSTEP =     287 NCYCLE= 1 CFL=0.210 CFLH=0.210 CFLZ=0.004 CFL_sgs=0.025
 Collecting statistics...
NSTEP =     288 NCYCLE= 1 CFL=0.210 CFLH=0.210 CFLZ=0.004 CFL_sgs=0.001
NSTEP =     289 NCYCLE= 1 CFL=0.210 CFLH=0.210 CFLZ=0.004 CFL_sgs=0.025
NSTEP =     290 NCYCLE= 1 CFL=0.210 CFLH=0.210 CFLZ=0.004 CFL_sgs=0.001
NSTEP =     291 NCYCLE= 1 CFL=0.210 CFLH=0.210 CFLZ=0.004 CFL_sgs=0.025
NSTEP =     292 NCYCLE= 1 CFL=0.210 CFLH=0.210 CFLZ=0.004 CFL_sgs=0.001
NSTEP =     293 NCYCLE= 1 CFL=0.210 CFLH=0.210 CFLZ=0.004 CFL_sgs=0.026
NSTEP =     294 NCYCLE= 1 CFL=0.210 CFLH=0.210 CFLZ=0.004 CFL_sgs=0.001
NSTEP =     295 NCYCLE= 1 CFL=0.210 CFLH=0.210 CFLZ=0.004 CFL_sgs=0.026
NSTEP =     296 NCYCLE= 1 CFL=0.210 CFLH=0.210 CFLZ=0.004 CFL_sgs=0.001
NSTEP =     297 NCYCLE= 1 CFL=0.210 CFLH=0.210 CFLZ=0.004 CFL_sgs=0.026
NSTEP =     298 NCYCLE= 1 CFL=0.210 CFLH=0.210 CFLZ=0.004 CFL_sgs=0.001
NSTEP =     299 NCYCLE= 1 CFL=0.210 CFLH=0.210 CFLZ=0.004 CFL_sgs=0.026
 Collecting statistics...
NSTEP =     300 NCYCLE= 1 CFL=0.210 CFLH=0.210 CFLZ=0.004 CFL_sgs=0.001
NSTEP =     301 NCYCLE= 1 CFL=0.210 CFLH=0.210 CFLZ=0.004 CFL_sgs=0.026
NSTEP =     302 NCYCLE= 1 CFL=0.210 CFLH=0.210 CFLZ=0.004 CFL_sgs=0.001
NSTEP =     303 NCYCLE= 1 CFL=0.210 CFLH=0.210 CFLZ=0.004 CFL_sgs=0.026
NSTEP =     304 NCYCLE= 1 CFL=0.210 CFLH=0.210 CFLZ=0.004 CFL_sgs=0.001
NSTEP =     305 NCYCLE= 1 CFL=0.210 CFLH=0.210 CFLZ=0.004 CFL_sgs=0.026
NSTEP =     306 NCYCLE= 1 CFL=0.210 CFLH=0.210 CFLZ=0.004 CFL_sgs=0.001
NSTEP =     307 NCYCLE= 1 CFL=0.210 CFLH=0.210 CFLZ=0.004 CFL_sgs=0.026
NSTEP =     308 NCYCLE= 1 CFL=0.210 CFLH=0.210 CFLZ=0.004 CFL_sgs=0.001
NSTEP =     309 NCYCLE= 1 CFL=0.210 CFLH=0.210 CFLZ=0.004 CFL_sgs=0.027
NSTEP =     310 NCYCLE= 1 CFL=0.210 CFLH=0.210 CFLZ=0.004 CFL_sgs=0.001
NSTEP =     311 NCYCLE= 1 CFL=0.210 CFLH=0.210 CFLZ=0.004 CFL_sgs=0.027
 Collecting statistics...
NSTEP =     312 NCYCLE= 1 CFL=0.210 CFLH=0.210 CFLZ=0.004 CFL_sgs=0.001
NSTEP =     313 NCYCLE= 1 CFL=0.210 CFLH=0.210 CFLZ=0.004 CFL_sgs=0.027
NSTEP =     314 NCYCLE= 1 CFL=0.210 CFLH=0.210 CFLZ=0.004 CFL_sgs=0.001
NSTEP =     315 NCYCLE= 1 CFL=0.210 CFLH=0.210 CFLZ=0.004 CFL_sgs=0.027
NSTEP =     316 NCYCLE= 1 CFL=0.210 CFLH=0.210 CFLZ=0.004 CFL_sgs=0.001
NSTEP =     317 NCYCLE= 1 CFL=0.210 CFLH=0.210 CFLZ=0.004 CFL_sgs=0.027
NSTEP =     318 NCYCLE= 1 CFL=0.210 CFLH=0.210 CFLZ=0.004 CFL_sgs=0.001
NSTEP =     319 NCYCLE= 1 CFL=0.210 CFLH=0.210 CFLZ=0.004 CFL_sgs=0.027
NSTEP =     320 NCYCLE= 1 CFL=0.210 CFLH=0.210 CFLZ=0.004 CFL_sgs=0.001
NSTEP =     321 NCYCLE= 1 CFL=0.210 CFLH=0.210 CFLZ=0.004 CFL_sgs=0.027
NSTEP =     322 NCYCLE= 1 CFL=0.210 CFLH=0.210 CFLZ=0.004 CFL_sgs=0.001
NSTEP =     323 NCYCLE= 1 CFL=0.210 CFLH=0.210 CFLZ=0.004 CFL_sgs=0.027
 Collecting statistics...
NSTEP =     324 NCYCLE= 1 CFL=0.210 CFLH=0.210 CFLZ=0.004 CFL_sgs=0.001
NSTEP =     325 NCYCLE= 1 CFL=0.210 CFLH=0.210 CFLZ=0.004 CFL_sgs=0.005
NSTEP =     326 NCYCLE= 1 CFL=0.210 CFLH=0.210 CFLZ=0.004 CFL_sgs=0.001
NSTEP =     327 NCYCLE= 1 CFL=0.210 CFLH=0.210 CFLZ=0.004 CFL_sgs=0.002
NSTEP =     328 NCYCLE= 1 CFL=0.210 CFLH=0.210 CFLZ=0.004 CFL_sgs=0.001
NSTEP =     329 NCYCLE= 1 CFL=0.210 CFLH=0.210 CFLZ=0.004 CFL_sgs=0.001
NSTEP =     330 NCYCLE= 1 CFL=0.210 CFLH=0.210 CFLZ=0.004 CFL_sgs=0.001
NSTEP =     331 NCYCLE= 1 CFL=0.210 CFLH=0.210 CFLZ=0.004 CFL_sgs=0.001
NSTEP =     332 NCYCLE= 1 CFL=0.210 CFLH=0.210 CFLZ=0.004 CFL_sgs=0.001
NSTEP =     333 NCYCLE= 1 CFL=0.210 CFLH=0.210 CFLZ=0.004 CFL_sgs=0.001
NSTEP =     334 NCYCLE= 1 CFL=0.210 CFLH=0.210 CFLZ=0.004 CFL_sgs=0.001
NSTEP =     335 NCYCLE= 1 CFL=0.210 CFLH=0.210 CFLZ=0.004 CFL_sgs=0.001
 Collecting statistics...
NSTEP =     336 NCYCLE= 1 CFL=0.210 CFLH=0.210 CFLZ=0.004 CFL_sgs=0.001
NSTEP =     337 NCYCLE= 1 CFL=0.210 CFLH=0.210 CFLZ=0.004 CFL_sgs=0.001
NSTEP =     338 NCYCLE= 1 CFL=0.210 CFLH=0.210 CFLZ=0.004 CFL_sgs=0.001
NSTEP =     339 NCYCLE= 1 CFL=0.210 CFLH=0.210 CFLZ=0.004 CFL_sgs=0.001
NSTEP =     340 NCYCLE= 1 CFL=0.210 CFLH=0.210 CFLZ=0.004 CFL_sgs=0.001
NSTEP =     341 NCYCLE= 1 CFL=0.210 CFLH=0.210 CFLZ=0.004 CFL_sgs=0.001
NSTEP =     342 NCYCLE= 1 CFL=0.210 CFLH=0.210 CFLZ=0.004 CFL_sgs=0.001
NSTEP =     343 NCYCLE= 1 CFL=0.210 CFLH=0.210 CFLZ=0.004 CFL_sgs=0.001
NSTEP =     344 NCYCLE= 1 CFL=0.210 CFLH=0.210 CFLZ=0.004 CFL_sgs=0.001
NSTEP =     345 NCYCLE= 1 CFL=0.210 CFLH=0.210 CFLZ=0.004 CFL_sgs=0.001
NSTEP =     346 NCYCLE= 1 CFL=0.210 CFLH=0.210 CFLZ=0.004 CFL_sgs=0.001
NSTEP =     347 NCYCLE= 1 CFL=0.210 CFLH=0.210 CFLZ=0.004 CFL_sgs=0.001
 Collecting statistics...
NSTEP =     348 NCYCLE= 1 CFL=0.210 CFLH=0.210 CFLZ=0.004 CFL_sgs=0.001
NSTEP =     349 NCYCLE= 1 CFL=0.210 CFLH=0.210 CFLZ=0.004 CFL_sgs=0.001
NSTEP =     350 NCYCLE= 1 CFL=0.210 CFLH=0.210 CFLZ=0.004 CFL_sgs=0.001
NSTEP =     351 NCYCLE= 1 CFL=0.210 CFLH=0.210 CFLZ=0.004 CFL_sgs=0.001
NSTEP =     352 NCYCLE= 1 CFL=0.210 CFLH=0.210 CFLZ=0.004 CFL_sgs=0.001
NSTEP =     353 NCYCLE= 1 CFL=0.210 CFLH=0.210 CFLZ=0.004 CFL_sgs=0.001
NSTEP =     354 NCYCLE= 1 CFL=0.210 CFLH=0.210 CFLZ=0.004 CFL_sgs=0.001
NSTEP =     355 NCYCLE= 1 CFL=0.210 CFLH=0.210 CFLZ=0.004 CFL_sgs=0.001
NSTEP =     356 NCYCLE= 1 CFL=0.210 CFLH=0.210 CFLZ=0.004 CFL_sgs=0.001
NSTEP =     357 NCYCLE= 1 CFL=0.210 CFLH=0.210 CFLZ=0.004 CFL_sgs=0.001
NSTEP =     358 NCYCLE= 1 CFL=0.210 CFLH=0.210 CFLZ=0.004 CFL_sgs=0.001
NSTEP =     359 NCYCLE= 1 CFL=0.210 CFLH=0.210 CFLZ=0.004 CFL_sgs=0.001
 Collecting statistics...
 Writting statistics:nstatsteps=          10
 Writting history file 
 2048x2048x256                                                                  
  
 Writing restart file ...
 Restart file was saved. nstep=         360
NSTEP =     360 NCYCLE= 1 CFL=0.210 CFLH=0.210 CFLZ=0.004 CFL_sgs=0.001
 DAY =   1.2500000E-02
 NSTEP=         360
 div:  9.1638270E-09 -9.2751122E-09
 SST=   999.000000000000     
 surface pressure=   991.3000    
 u:  5.7274278E-02   4.089213    
 v:  -5.837006     -0.7154659    
 w: -5.4701127E-02  6.1869428E-02
 p: -5.3659141E-02  5.2377313E-02
 t:   297.2635       314.9270    
 tabs:   278.1049       297.0600    
 qv:  7.2992612E-03  1.8342704E-02
 tke:  0.0000000E+00  2.9572152E-02
 tk:  0.0000000E+00  0.8598278    
 tkh:  0.0000000E+00  0.8598278    
 qcl:  0.0000000E+00  0.0000000E+00
 qci:  0.0000000E+00  0.0000000E+00
 QTO:  7.2992612E-03  1.8342704E-02
 QR:  0.0000000E+00  0.0000000E+00
 NR:  0.0000000E+00  0.0000000E+00
 QI:  0.0000000E+00  0.0000000E+00
 NI:  0.0000000E+00  0.0000000E+00
 QS:  0.0000000E+00  0.0000000E+00
 NS:  0.0000000E+00  0.0000000E+00
 QG:  0.0000000E+00  0.0000000E+00
 NG:  0.0000000E+00  0.0000000E+00
 qpl:  0.0000000E+00  0.0000000E+00
 qpi:  0.0000000E+00  0.0000000E+00
 shf:   7.309143       7.309143    
 lhf:   24.10022       24.10022    
 uw: -1.1017355E-03 -4.3096178E-04
 vw:  5.3603924E-03  6.0102493E-03
 sst:   999.0000       999.0000    
 precinst (mm/h):  0.0000000E+00  0.0000000E+00
 total water budget:
 before (mm):         44.80977623349
 after (mm):          44.80980504014
 evaporation (mm):     0.00002880042
 precipitation (mm):   0.00000000000
 large-scale (mm):     0.00000000000
 Imbalance (mm)       0.00000000622
  imbalance (rel error):  1.389099326642848E-010
 evap (mm/day):  0.829452169121699     
 prec (mm/day):  0.000000000000000E+000
 ls (mm/day):  0.000000000000000E+000
 imbalance (mm/day)  1.792663776237777E-004
 Finished with SAM, exiting...
Mon Oct 30 13:16:28 EDT 2017
